2022-11-30T21:37:13.544Z - info: [ui] [AppStore] loading 0 repositories from store
2022-11-30T21:37:13.675Z - info: [ui] [Welcome] no sign in step found. ignoring...
2022-11-30T21:37:13.680Z - info: [ui] launching: 3.1.1-linux1 (Linux 6.0.10-arch2-1)
2022-11-30T21:37:13.681Z - info: [ui] execPath: '/opt/github-desktop/github-desktop'
2022-11-30T21:37:13.739Z - info: [ui] [Welcome] no sign in step found. ignoring...
2022-11-30T21:37:14.041Z - info: [ui] Opt in reported.
2022-11-30T21:37:14.098Z - info: [ui] [Welcome] no sign in step found. ignoring...
2022-11-30T21:37:17.854Z - info: [ui] [Welcome] advancing to step: SignInToDotComWithBrowser
2022-11-30T21:37:17.856Z - info: [ui] [SignInStore] initializing OAuth flow
2022-11-30T21:37:17.861Z - info: [main] opening in browser: https://github.com/login/oauth/authorize?client_id=3a723b10ac5575cc5bb9&scope=repo%20user%20workflow&state=9939d59a-b8bf-4dc5-b1ff-c767723c9769
2022-11-30T21:37:17.862Z - info: [ui] [Welcome] current sign in state not found. ignoring...
2022-11-30T21:37:36.596Z - info: [ui] [Welcome] kind Authentication is the same as Authentication. ignoring...
2022-11-30T21:37:55.824Z - info: [main] Received possible protocol arguments: 4
2022-11-30T21:37:55.825Z - info: [main] Processing protocol url
2022-11-30T21:37:55.840Z - info: [ui] [Dispatcher] requesting authenticated user
2022-11-30T21:37:55.841Z - info: [ui] [Welcome] kind Authentication is the same as Authentication. ignoring...
2022-11-30T21:37:57.210Z - info: [ui] [SignInStore] account resolved
2022-11-30T21:37:57.211Z - info: [ui] [AppStore] adding account mier48 (Alberto) to store
2022-11-30T21:37:57.216Z - info: [ui] [Welcome] advancing to step: ConfigureGit
2022-11-30T21:37:57.290Z - info: [ui] [Welcome] no sign in step found. ignoring...
2022-11-30T21:37:57.710Z - info: [ui] Subscribed 'mier48' to Alive channel
2022-11-30T21:37:58.373Z - info: [ui] [Welcome] no sign in step found. ignoring...
2022-11-30T21:44:56.943Z - info: [ui] [Welcome] no sign in step found. ignoring...
2022-11-30T21:46:23.510Z - info: [ui] [AppStore.getAccountForRemoteURL] account found for remote: https://github.com/mier48/CryptoFile.git - mier48 (has token)
2022-11-30T21:46:24.710Z - info: [ui] Executing clone: git -c credential.helper= -c init.defaultBranch=main clone --recursive --progress -- https://github.com/mier48/CryptoFile.git /home/odin/GitHub/python/CryptoFile (took 1.195s)
2022-11-30T21:46:24.753Z - info: [ui] [AppStore] adding repository at /home/odin/GitHub/python/CryptoFile to store
2022-11-30T21:46:25.541Z - info: [ui] [BranchPruner] No branches to prune.
2022-11-30T22:29:25.184Z - info: [ui] [RepositoryIndicatorUpdater]: Refreshing sidebar indicators for 1 repositories took 0.8s of which 0.0s paused, total 0.8s
2022-11-30T22:30:21.090Z - info: [ui] [Timing] Action 'create commit' for 'mier48/CryptoFile' took 0.190s
2022-11-30T22:30:22.538Z - info: [ui] [AppStore.withAuthenticatingUser] account found for repository: CryptoFile - mier48 (has token)
2022-11-30T22:30:25.560Z - info: [ui] Executing push: git -c credential.helper= push origin main:main --progress (took 2.998s)
2022-11-30T22:30:47.927Z - info: [ui] [AppStore.getAccountForRemoteURL] account found for remote: https://github.com/mier48/PythonFileManagement.git - mier48 (has token)
2022-11-30T22:30:49.359Z - info: [ui] Executing clone: git -c credential.helper= -c init.defaultBranch=main clone --recursive --progress -- https://github.com/mier48/PythonFileManagement.git /home/odin/GitHub/python/PythonFileManagement (took 1.430s)
2022-11-30T22:30:49.381Z - info: [ui] [AppStore] adding repository at /home/odin/GitHub/python/PythonFileManagement to store
2022-11-30T22:30:49.707Z - info: [ui] [BranchPruner] Last prune took place 44 minutes ago - skipping
2022-11-30T22:30:50.549Z - info: [ui] [BranchPruner] No branches to prune.
2022-11-30T22:34:25.004Z - info: [ui] [Timing] Action 'create commit' for 'mier48/PythonFileManagement' took 0.139s
2022-11-30T22:34:26.460Z - info: [ui] [AppStore.withAuthenticatingUser] account found for repository: PythonFileManagement - mier48 (has token)
2022-11-30T22:34:27.989Z - info: [ui] Executing push: git -c credential.helper= push origin main:main --progress (took 1.518s)
2022-11-30T22:34:30.185Z - info: [ui] Executing updateRemoteHEAD: git -c credential.helper= remote set-head -a origin (took 1.503s)
