2022-11-30 22:49:13.436 [info] Validating found git in: git
2022-11-30 22:49:13.436 [info] Using git 2.38.1 from git
2022-11-30 22:49:13.436 [info] > git rev-parse --show-toplevel [10ms]
2022-11-30 22:49:13.436 [info] fatal: not a git repository (or any of the parent directories): .git
2022-11-30 22:49:13.436 [info] > git rev-parse --show-toplevel [3ms]
2022-11-30 22:49:13.436 [info] > git rev-parse --git-dir --git-common-dir [2ms]
2022-11-30 22:49:13.436 [info] Log level: Info
2022-11-30 22:49:13.436 [info] Open repository: /home/odin/GitHub/python/CryptoFile
2022-11-30 22:49:13.447 [info] > git status -z -uall [47ms]
2022-11-30 22:49:13.449 [info] > git remote --verbose [59ms]
2022-11-30 22:49:13.449 [info] > git for-each-ref --sort -committerdate --format %(refname) %(objectname) %(*objectname) [69ms]
2022-11-30 22:49:13.454 [info] > git config --get commit.template [8ms]
2022-11-30 22:49:13.465 [info] > git for-each-ref --format=%(refname)%00%(upstream:short)%00%(objectname)%00%(upstream:track)%00%(upstream:remotename)%00%(upstream:remoteref) refs/heads/main refs/remotes/main [3ms]
2022-11-30 22:49:13.519 [info] > git status -z -uall [21ms]
2022-11-30 22:49:13.520 [info] > git remote --verbose [30ms]
2022-11-30 22:49:13.521 [info] > git for-each-ref --sort -committerdate --format %(refname) %(objectname) %(*objectname) [37ms]
2022-11-30 22:49:13.525 [info] > git config --get commit.template [19ms]
2022-11-30 22:49:13.536 [info] > git for-each-ref --format=%(refname)%00%(upstream:short)%00%(objectname)%00%(upstream:track)%00%(upstream:remotename)%00%(upstream:remoteref) refs/heads/main refs/remotes/main [2ms]
2022-11-30 22:49:13.947 [info] > git check-ignore -v -z --stdin [3ms]
2022-11-30 22:49:13.949 [info] > git rev-parse --show-toplevel [14ms]
2022-11-30 22:49:13.949 [info] fatal: not a git repository (or any of the parent directories): .git
2022-11-30 22:49:14.009 [info] > git show --textconv :crypt.py [9ms]
2022-11-30 22:49:14.012 [info] > git ls-files --stage -- /home/odin/GitHub/python/CryptoFile/crypt.py [3ms]
2022-11-30 22:49:14.023 [info] > git cat-file -s 4ef3d6abdd37e9a49ac2f37ca4ab8e96fd5a1b03 [2ms]
2022-11-30 22:51:51.040 [info] > git status -z -uall [7ms]
2022-11-30 22:51:51.041 [info] > git remote --verbose [14ms]
2022-11-30 22:51:51.042 [info] > git for-each-ref --sort -committerdate --format %(refname) %(objectname) %(*objectname) [23ms]
2022-11-30 22:51:51.044 [info] > git config --get commit.template [5ms]
2022-11-30 22:51:51.053 [info] > git for-each-ref --format=%(refname)%00%(upstream:short)%00%(objectname)%00%(upstream:track)%00%(upstream:remotename)%00%(upstream:remoteref) refs/heads/main refs/remotes/main [2ms]
2022-11-30 22:53:56.850 [info] > git rev-parse --show-toplevel [1ms]
2022-11-30 22:53:56.850 [info] fatal: not a git repository (or any of the parent directories): .git
2022-11-30 22:54:13.719 [info] > git show --textconv :crypt.py [11ms]
2022-11-30 22:54:13.721 [info] > git ls-files --stage -- /home/odin/GitHub/python/CryptoFile/crypt.py [3ms]
2022-11-30 22:54:13.734 [info] > git cat-file -s 4ef3d6abdd37e9a49ac2f37ca4ab8e96fd5a1b03 [3ms]
2022-11-30 22:55:10.087 [info] > git status -z -uall [9ms]
2022-11-30 22:55:10.088 [info] > git remote --verbose [18ms]
2022-11-30 22:55:10.089 [info] > git for-each-ref --sort -committerdate --format %(refname) %(objectname) %(*objectname) [26ms]
2022-11-30 22:55:10.091 [info] > git config --get commit.template [4ms]
2022-11-30 22:55:10.103 [info] > git for-each-ref --format=%(refname)%00%(upstream:short)%00%(objectname)%00%(upstream:track)%00%(upstream:remotename)%00%(upstream:remoteref) refs/heads/main refs/remotes/main [2ms]
2022-11-30 22:55:41.847 [info] > git status -z -uall [8ms]
2022-11-30 22:55:41.848 [info] > git remote --verbose [16ms]
2022-11-30 22:55:41.848 [info] > git for-each-ref --sort -committerdate --format %(refname) %(objectname) %(*objectname) [24ms]
2022-11-30 22:55:41.849 [info] > git config --get commit.template [3ms]
2022-11-30 22:55:41.859 [info] > git for-each-ref --format=%(refname)%00%(upstream:short)%00%(objectname)%00%(upstream:track)%00%(upstream:remotename)%00%(upstream:remoteref) refs/heads/main refs/remotes/main [2ms]
2022-11-30 22:55:55.355 [info] > git status -z -uall [8ms]
2022-11-30 22:55:55.356 [info] > git remote --verbose [17ms]
2022-11-30 22:55:55.356 [info] > git for-each-ref --sort -committerdate --format %(refname) %(objectname) %(*objectname) [24ms]
2022-11-30 22:55:55.357 [info] > git config --get commit.template [2ms]
2022-11-30 22:55:55.367 [info] > git for-each-ref --format=%(refname)%00%(upstream:short)%00%(objectname)%00%(upstream:track)%00%(upstream:remotename)%00%(upstream:remoteref) refs/heads/main refs/remotes/main [2ms]
2022-11-30 22:56:42.908 [info] > git status -z -uall [9ms]
2022-11-30 22:56:42.908 [info] > git remote --verbose [17ms]
2022-11-30 22:56:42.909 [info] > git for-each-ref --sort -committerdate --format %(refname) %(objectname) %(*objectname) [25ms]
2022-11-30 22:56:42.910 [info] > git config --get commit.template [3ms]
2022-11-30 22:56:42.921 [info] > git for-each-ref --format=%(refname)%00%(upstream:short)%00%(objectname)%00%(upstream:track)%00%(upstream:remotename)%00%(upstream:remoteref) refs/heads/main refs/remotes/main [2ms]
2022-11-30 22:57:50.998 [info] > git status -z -uall [12ms]
2022-11-30 22:57:50.998 [info] > git remote --verbose [20ms]
2022-11-30 22:57:50.999 [info] > git for-each-ref --sort -committerdate --format %(refname) %(objectname) %(*objectname) [30ms]
2022-11-30 22:57:51.001 [info] > git config --get commit.template [4ms]
2022-11-30 22:57:51.016 [info] > git for-each-ref --format=%(refname)%00%(upstream:short)%00%(objectname)%00%(upstream:track)%00%(upstream:remotename)%00%(upstream:remoteref) refs/heads/main refs/remotes/main [3ms]
2022-11-30 22:58:51.778 [info] > git status -z -uall [9ms]
2022-11-30 22:58:51.778 [info] > git remote --verbose [18ms]
2022-11-30 22:58:51.778 [info] > git for-each-ref --sort -committerdate --format %(refname) %(objectname) %(*objectname) [25ms]
2022-11-30 22:58:51.780 [info] > git config --get commit.template [2ms]
2022-11-30 22:58:51.791 [info] > git for-each-ref --format=%(refname)%00%(upstream:short)%00%(objectname)%00%(upstream:track)%00%(upstream:remotename)%00%(upstream:remoteref) refs/heads/main refs/remotes/main [2ms]
2022-11-30 22:59:01.027 [info] > git status -z -uall [9ms]
2022-11-30 22:59:01.027 [info] > git remote --verbose [16ms]
2022-11-30 22:59:01.027 [info] > git for-each-ref --sort -committerdate --format %(refname) %(objectname) %(*objectname) [24ms]
2022-11-30 22:59:01.028 [info] > git config --get commit.template [2ms]
2022-11-30 22:59:01.038 [info] > git for-each-ref --format=%(refname)%00%(upstream:short)%00%(objectname)%00%(upstream:track)%00%(upstream:remotename)%00%(upstream:remoteref) refs/heads/main refs/remotes/main [2ms]
2022-11-30 22:59:45.446 [info] > git status -z -uall [9ms]
2022-11-30 22:59:45.446 [info] > git remote --verbose [16ms]
2022-11-30 22:59:45.446 [info] > git for-each-ref --sort -committerdate --format %(refname) %(objectname) %(*objectname) [24ms]
2022-11-30 22:59:45.447 [info] > git config --get commit.template [2ms]
2022-11-30 22:59:45.457 [info] > git for-each-ref --format=%(refname)%00%(upstream:short)%00%(objectname)%00%(upstream:track)%00%(upstream:remotename)%00%(upstream:remoteref) refs/heads/main refs/remotes/main [2ms]
2022-11-30 22:59:50.495 [info] > git status -z -uall [10ms]
2022-11-30 22:59:50.496 [info] > git remote --verbose [19ms]
2022-11-30 22:59:50.496 [info] > git for-each-ref --sort -committerdate --format %(refname) %(objectname) %(*objectname) [27ms]
2022-11-30 22:59:50.497 [info] > git config --get commit.template [2ms]
2022-11-30 22:59:50.508 [info] > git for-each-ref --format=%(refname)%00%(upstream:short)%00%(objectname)%00%(upstream:track)%00%(upstream:remotename)%00%(upstream:remoteref) refs/heads/main refs/remotes/main [2ms]
2022-11-30 23:00:01.773 [info] > git status -z -uall [8ms]
2022-11-30 23:00:01.773 [info] > git remote --verbose [15ms]
2022-11-30 23:00:01.774 [info] > git for-each-ref --sort -committerdate --format %(refname) %(objectname) %(*objectname) [22ms]
2022-11-30 23:00:01.774 [info] > git config --get commit.template [2ms]
2022-11-30 23:00:01.784 [info] > git for-each-ref --format=%(refname)%00%(upstream:short)%00%(objectname)%00%(upstream:track)%00%(upstream:remotename)%00%(upstream:remoteref) refs/heads/main refs/remotes/main [2ms]
2022-11-30 23:00:53.798 [info] > git status -z -uall [9ms]
2022-11-30 23:00:53.798 [info] > git remote --verbose [17ms]
2022-11-30 23:00:53.799 [info] > git for-each-ref --sort -committerdate --format %(refname) %(objectname) %(*objectname) [24ms]
2022-11-30 23:00:53.799 [info] > git config --get commit.template [2ms]
2022-11-30 23:00:53.812 [info] > git for-each-ref --format=%(refname)%00%(upstream:short)%00%(objectname)%00%(upstream:track)%00%(upstream:remotename)%00%(upstream:remoteref) refs/heads/main refs/remotes/main [2ms]
2022-11-30 23:01:22.352 [info] > git status -z -uall [10ms]
2022-11-30 23:01:22.352 [info] > git remote --verbose [18ms]
2022-11-30 23:01:22.352 [info] > git for-each-ref --sort -committerdate --format %(refname) %(objectname) %(*objectname) [27ms]
2022-11-30 23:01:22.353 [info] > git config --get commit.template [3ms]
2022-11-30 23:01:22.363 [info] > git for-each-ref --format=%(refname)%00%(upstream:short)%00%(objectname)%00%(upstream:track)%00%(upstream:remotename)%00%(upstream:remoteref) refs/heads/main refs/remotes/main [2ms]
2022-11-30 23:01:27.400 [info] > git status -z -uall [10ms]
2022-11-30 23:01:27.400 [info] > git remote --verbose [18ms]
2022-11-30 23:01:27.401 [info] > git for-each-ref --sort -committerdate --format %(refname) %(objectname) %(*objectname) [26ms]
2022-11-30 23:01:27.402 [info] > git config --get commit.template [3ms]
2022-11-30 23:01:27.412 [info] > git for-each-ref --format=%(refname)%00%(upstream:short)%00%(objectname)%00%(upstream:track)%00%(upstream:remotename)%00%(upstream:remoteref) refs/heads/main refs/remotes/main [2ms]
2022-11-30 23:02:16.972 [info] > git status -z -uall [8ms]
2022-11-30 23:02:16.973 [info] > git remote --verbose [17ms]
2022-11-30 23:02:16.973 [info] > git for-each-ref --sort -committerdate --format %(refname) %(objectname) %(*objectname) [25ms]
2022-11-30 23:02:16.973 [info] > git config --get commit.template [1ms]
2022-11-30 23:02:16.983 [info] > git for-each-ref --format=%(refname)%00%(upstream:short)%00%(objectname)%00%(upstream:track)%00%(upstream:remotename)%00%(upstream:remoteref) refs/heads/main refs/remotes/main [2ms]
2022-11-30 23:02:26.755 [info] > git status -z -uall [8ms]
2022-11-30 23:02:26.755 [info] > git remote --verbose [17ms]
2022-11-30 23:02:26.755 [info] > git for-each-ref --sort -committerdate --format %(refname) %(objectname) %(*objectname) [24ms]
2022-11-30 23:02:26.756 [info] > git config --get commit.template [1ms]
2022-11-30 23:02:26.765 [info] > git for-each-ref --format=%(refname)%00%(upstream:short)%00%(objectname)%00%(upstream:track)%00%(upstream:remotename)%00%(upstream:remoteref) refs/heads/main refs/remotes/main [2ms]
2022-11-30 23:02:37.182 [info] > git check-ignore -v -z --stdin [2ms]
2022-11-30 23:02:38.572 [info] > git show --textconv :DATA/(encrypted)prueba.txt [8ms]
2022-11-30 23:02:38.574 [info] > git ls-files --stage -- /home/odin/GitHub/python/CryptoFile/DATA/(encrypted)prueba.txt [2ms]
2022-11-30 23:02:40.323 [info] > git show --textconv :crypt.py [8ms]
2022-11-30 23:02:40.324 [info] > git ls-files --stage -- /home/odin/GitHub/python/CryptoFile/crypt.py [1ms]
2022-11-30 23:02:40.333 [info] > git cat-file -s 4ef3d6abdd37e9a49ac2f37ca4ab8e96fd5a1b03 [1ms]
2022-11-30 23:02:53.938 [info] > git status -z -uall [10ms]
2022-11-30 23:02:53.938 [info] > git remote --verbose [17ms]
2022-11-30 23:02:53.938 [info] > git for-each-ref --sort -committerdate --format %(refname) %(objectname) %(*objectname) [25ms]
2022-11-30 23:02:53.939 [info] > git config --get commit.template [2ms]
2022-11-30 23:02:53.949 [info] > git for-each-ref --format=%(refname)%00%(upstream:short)%00%(objectname)%00%(upstream:track)%00%(upstream:remotename)%00%(upstream:remoteref) refs/heads/main refs/remotes/main [2ms]
2022-11-30 23:02:56.125 [info] > git check-ignore -v -z --stdin [2ms]
2022-11-30 23:03:01.681 [info] > git show --textconv :DATA/encrypted)prueba.txt [8ms]
2022-11-30 23:03:01.682 [info] > git ls-files --stage -- /home/odin/GitHub/python/CryptoFile/DATA/encrypted)prueba.txt [1ms]
2022-11-30 23:03:03.256 [info] > git show --textconv :crypt.py [9ms]
2022-11-30 23:03:03.257 [info] > git ls-files --stage -- /home/odin/GitHub/python/CryptoFile/crypt.py [2ms]
2022-11-30 23:03:03.266 [info] > git cat-file -s 4ef3d6abdd37e9a49ac2f37ca4ab8e96fd5a1b03 [2ms]
2022-11-30 23:03:20.567 [info] > git status -z -uall [9ms]
2022-11-30 23:03:20.567 [info] > git remote --verbose [18ms]
2022-11-30 23:03:20.567 [info] > git for-each-ref --sort -committerdate --format %(refname) %(objectname) %(*objectname) [25ms]
2022-11-30 23:03:20.568 [info] > git config --get commit.template [2ms]
2022-11-30 23:03:20.579 [info] > git for-each-ref --format=%(refname)%00%(upstream:short)%00%(objectname)%00%(upstream:track)%00%(upstream:remotename)%00%(upstream:remoteref) refs/heads/main refs/remotes/main [2ms]
2022-11-30 23:04:56.371 [info] > git status -z -uall [9ms]
2022-11-30 23:04:56.371 [info] > git remote --verbose [16ms]
2022-11-30 23:04:56.371 [info] > git for-each-ref --sort -committerdate --format %(refname) %(objectname) %(*objectname) [24ms]
2022-11-30 23:04:56.372 [info] > git config --get commit.template [2ms]
2022-11-30 23:04:56.382 [info] > git for-each-ref --format=%(refname)%00%(upstream:short)%00%(objectname)%00%(upstream:track)%00%(upstream:remotename)%00%(upstream:remoteref) refs/heads/main refs/remotes/main [2ms]
2022-11-30 23:05:04.168 [info] > git status -z -uall [8ms]
2022-11-30 23:05:04.169 [info] > git remote --verbose [16ms]
2022-11-30 23:05:04.169 [info] > git for-each-ref --sort -committerdate --format %(refname) %(objectname) %(*objectname) [23ms]
2022-11-30 23:05:04.169 [info] > git config --get commit.template [1ms]
2022-11-30 23:05:04.179 [info] > git for-each-ref --format=%(refname)%00%(upstream:short)%00%(objectname)%00%(upstream:track)%00%(upstream:remotename)%00%(upstream:remoteref) refs/heads/main refs/remotes/main [2ms]
2022-11-30 23:05:06.283 [info] > git check-ignore -v -z --stdin [1ms]
2022-11-30 23:05:22.555 [info] > git status -z -uall [8ms]
2022-11-30 23:05:22.555 [info] > git remote --verbose [17ms]
2022-11-30 23:05:22.555 [info] > git for-each-ref --sort -committerdate --format %(refname) %(objectname) %(*objectname) [24ms]
2022-11-30 23:05:22.556 [info] > git config --get commit.template [1ms]
2022-11-30 23:05:22.566 [info] > git for-each-ref --format=%(refname)%00%(upstream:short)%00%(objectname)%00%(upstream:track)%00%(upstream:remotename)%00%(upstream:remoteref) refs/heads/main refs/remotes/main [1ms]
2022-11-30 23:07:21.668 [info] > git status -z -uall [14ms]
2022-11-30 23:07:21.668 [info] > git remote --verbose [26ms]
2022-11-30 23:07:21.668 [info] > git for-each-ref --sort -committerdate --format %(refname) %(objectname) %(*objectname) [36ms]
2022-11-30 23:07:21.669 [info] > git config --get commit.template [2ms]
2022-11-30 23:07:21.684 [info] > git for-each-ref --format=%(refname)%00%(upstream:short)%00%(objectname)%00%(upstream:track)%00%(upstream:remotename)%00%(upstream:remoteref) refs/heads/main refs/remotes/main [3ms]
2022-11-30 23:07:28.831 [info] > git status -z -uall [12ms]
2022-11-30 23:07:28.831 [info] > git remote --verbose [23ms]
2022-11-30 23:07:28.831 [info] > git for-each-ref --sort -committerdate --format %(refname) %(objectname) %(*objectname) [33ms]
2022-11-30 23:07:28.834 [info] > git config --get commit.template [3ms]
2022-11-30 23:07:28.847 [info] > git for-each-ref --format=%(refname)%00%(upstream:short)%00%(objectname)%00%(upstream:track)%00%(upstream:remotename)%00%(upstream:remoteref) refs/heads/main refs/remotes/main [2ms]
2022-11-30 23:07:31.026 [info] > git check-ignore -v -z --stdin [2ms]
2022-11-30 23:07:33.185 [info] > git show --textconv :DATA/<function basename at 0x7f351e576830> [12ms]
2022-11-30 23:07:33.186 [info] > git ls-files --stage -- /home/odin/GitHub/python/CryptoFile/DATA/<function basename at 0x7f351e576830> [2ms]
2022-11-30 23:07:40.568 [info] > git show --textconv :crypt.py [13ms]
2022-11-30 23:07:40.569 [info] > git ls-files --stage -- /home/odin/GitHub/python/CryptoFile/crypt.py [2ms]
2022-11-30 23:07:40.582 [info] > git cat-file -s 4ef3d6abdd37e9a49ac2f37ca4ab8e96fd5a1b03 [2ms]
2022-11-30 23:09:13.336 [info] > git status -z -uall [11ms]
2022-11-30 23:09:13.337 [info] > git remote --verbose [24ms]
2022-11-30 23:09:13.337 [info] > git for-each-ref --sort -committerdate --format %(refname) %(objectname) %(*objectname) [36ms]
2022-11-30 23:09:13.338 [info] > git config --get commit.template [4ms]
2022-11-30 23:09:13.354 [info] > git for-each-ref --format=%(refname)%00%(upstream:short)%00%(objectname)%00%(upstream:track)%00%(upstream:remotename)%00%(upstream:remoteref) refs/heads/main refs/remotes/main [3ms]
2022-11-30 23:09:25.938 [info] > git show --textconv :DATA/<function basename at 0x7f351e576830> [15ms]
2022-11-30 23:09:25.940 [info] > git ls-files --stage -- /home/odin/GitHub/python/CryptoFile/DATA/<function basename at 0x7f351e576830> [2ms]
2022-11-30 23:09:31.387 [info] > git show --textconv :DATA/Prueba1 [10ms]
2022-11-30 23:09:31.388 [info] > git ls-files --stage -- /home/odin/GitHub/python/CryptoFile/DATA/Prueba1 [2ms]
2022-11-30 23:09:31.724 [info] > git check-ignore -v -z --stdin [2ms]
2022-11-30 23:09:32.237 [info] > git status -z -uall [15ms]
2022-11-30 23:09:32.238 [info] > git remote --verbose [27ms]
2022-11-30 23:09:32.238 [info] > git for-each-ref --sort -committerdate --format %(refname) %(objectname) %(*objectname) [41ms]
2022-11-30 23:09:32.240 [info] > git config --get commit.template [3ms]
2022-11-30 23:09:32.254 [info] > git for-each-ref --format=%(refname)%00%(upstream:short)%00%(objectname)%00%(upstream:track)%00%(upstream:remotename)%00%(upstream:remoteref) refs/heads/main refs/remotes/main [2ms]
2022-11-30 23:09:35.672 [info] > git check-ignore -v -z --stdin [2ms]
2022-11-30 23:09:37.296 [info] > git status -z -uall [10ms]
2022-11-30 23:09:37.297 [info] > git remote --verbose [20ms]
2022-11-30 23:09:37.297 [info] > git for-each-ref --sort -committerdate --format %(refname) %(objectname) %(*objectname) [30ms]
2022-11-30 23:09:37.297 [info] > git config --get commit.template [1ms]
2022-11-30 23:09:37.309 [info] > git for-each-ref --format=%(refname)%00%(upstream:short)%00%(objectname)%00%(upstream:track)%00%(upstream:remotename)%00%(upstream:remoteref) refs/heads/main refs/remotes/main [2ms]
2022-11-30 23:09:39.220 [info] > git show --textconv :crypt.py [14ms]
2022-11-30 23:09:39.221 [info] > git ls-files --stage -- /home/odin/GitHub/python/CryptoFile/crypt.py [5ms]
2022-11-30 23:09:39.235 [info] > git cat-file -s 4ef3d6abdd37e9a49ac2f37ca4ab8e96fd5a1b03 [3ms]
2022-11-30 23:09:40.123 [info] > git show --textconv :DATA/__(encrypted)__Prueba1 [11ms]
2022-11-30 23:09:40.124 [info] > git ls-files --stage -- /home/odin/GitHub/python/CryptoFile/DATA/__(encrypted)__Prueba1 [2ms]
2022-11-30 23:09:42.540 [info] > git show --textconv :crypt.py [11ms]
2022-11-30 23:09:42.542 [info] > git ls-files --stage -- /home/odin/GitHub/python/CryptoFile/crypt.py [2ms]
2022-11-30 23:09:42.554 [info] > git cat-file -s 4ef3d6abdd37e9a49ac2f37ca4ab8e96fd5a1b03 [2ms]
2022-11-30 23:09:52.234 [info] > git status -z -uall [12ms]
2022-11-30 23:09:52.234 [info] > git remote --verbose [23ms]
2022-11-30 23:09:52.234 [info] > git for-each-ref --sort -committerdate --format %(refname) %(objectname) %(*objectname) [34ms]
2022-11-30 23:09:52.235 [info] > git config --get commit.template [2ms]
2022-11-30 23:09:52.249 [info] > git for-each-ref --format=%(refname)%00%(upstream:short)%00%(objectname)%00%(upstream:track)%00%(upstream:remotename)%00%(upstream:remoteref) refs/heads/main refs/remotes/main [3ms]
2022-11-30 23:10:00.557 [info] > git show --textconv :DATA/Prueba1 [10ms]
2022-11-30 23:10:00.558 [info] > git ls-files --stage -- /home/odin/GitHub/python/CryptoFile/DATA/Prueba1 [1ms]
2022-11-30 23:10:02.082 [info] > git show --textconv :crypt.py [11ms]
2022-11-30 23:10:02.083 [info] > git ls-files --stage -- /home/odin/GitHub/python/CryptoFile/crypt.py [2ms]
2022-11-30 23:10:02.096 [info] > git cat-file -s 4ef3d6abdd37e9a49ac2f37ca4ab8e96fd5a1b03 [1ms]
2022-11-30 23:12:52.703 [info] > git show --textconv :DATA/Prueba1 [12ms]
2022-11-30 23:12:52.704 [info] > git ls-files --stage -- /home/odin/GitHub/python/CryptoFile/DATA/Prueba1 [2ms]
2022-11-30 23:12:59.346 [info] > git show --textconv :DATA/Prueba1 copy [10ms]
2022-11-30 23:12:59.347 [info] > git ls-files --stage -- /home/odin/GitHub/python/CryptoFile/DATA/Prueba1 copy [1ms]
2022-11-30 23:12:59.671 [info] > git check-ignore -v -z --stdin [1ms]
2022-11-30 23:13:04.208 [info] > git check-ignore -v -z --stdin [1ms]
2022-11-30 23:13:04.967 [info] > git check-ignore -v -z --stdin [1ms]
2022-11-30 23:13:05.302 [info] > git status -z -uall [9ms]
2022-11-30 23:13:05.302 [info] > git remote --verbose [19ms]
2022-11-30 23:13:05.302 [info] > git for-each-ref --sort -committerdate --format %(refname) %(objectname) %(*objectname) [26ms]
2022-11-30 23:13:05.303 [info] > git config --get commit.template [2ms]
2022-11-30 23:13:05.314 [info] > git for-each-ref --format=%(refname)%00%(upstream:short)%00%(objectname)%00%(upstream:track)%00%(upstream:remotename)%00%(upstream:remoteref) refs/heads/main refs/remotes/main [2ms]
2022-11-30 23:13:05.736 [info] > git show --textconv :DATA/Prueba1 copy 20 [9ms]
2022-11-30 23:13:05.736 [info] > git ls-files --stage -- /home/odin/GitHub/python/CryptoFile/DATA/Prueba1 copy 20 [1ms]
2022-11-30 23:13:06.227 [info] > git check-ignore -v -z --stdin [1ms]
2022-11-30 23:13:06.770 [info] > git show --textconv :DATA/Prueba1 copy 21 [9ms]
2022-11-30 23:13:06.772 [info] > git ls-files --stage -- /home/odin/GitHub/python/CryptoFile/DATA/Prueba1 copy 21 [3ms]
2022-11-30 23:13:06.836 [info] > git show --textconv :DATA/Prueba1 copy 22 [9ms]
2022-11-30 23:13:06.837 [info] > git ls-files --stage -- /home/odin/GitHub/python/CryptoFile/DATA/Prueba1 copy 22 [2ms]
2022-11-30 23:13:07.266 [info] > git check-ignore -v -z --stdin [2ms]
2022-11-30 23:13:10.360 [info] > git status -z -uall [11ms]
2022-11-30 23:13:10.360 [info] > git remote --verbose [21ms]
2022-11-30 23:13:10.360 [info] > git for-each-ref --sort -committerdate --format %(refname) %(objectname) %(*objectname) [32ms]
2022-11-30 23:13:10.361 [info] > git config --get commit.template [2ms]
2022-11-30 23:13:10.373 [info] > git for-each-ref --format=%(refname)%00%(upstream:short)%00%(objectname)%00%(upstream:track)%00%(upstream:remotename)%00%(upstream:remoteref) refs/heads/main refs/remotes/main [2ms]
2022-11-30 23:13:24.750 [info] > git show --textconv :crypt.py [13ms]
2022-11-30 23:13:24.751 [info] > git ls-files --stage -- /home/odin/GitHub/python/CryptoFile/crypt.py [2ms]
2022-11-30 23:13:24.765 [info] > git cat-file -s 4ef3d6abdd37e9a49ac2f37ca4ab8e96fd5a1b03 [3ms]
2022-11-30 23:13:32.012 [info] > git status -z -uall [12ms]
2022-11-30 23:13:32.012 [info] > git remote --verbose [23ms]
2022-11-30 23:13:32.012 [info] > git for-each-ref --sort -committerdate --format %(refname) %(objectname) %(*objectname) [33ms]
2022-11-30 23:13:32.013 [info] > git config --get commit.template [2ms]
2022-11-30 23:13:32.028 [info] > git for-each-ref --format=%(refname)%00%(upstream:short)%00%(objectname)%00%(upstream:track)%00%(upstream:remotename)%00%(upstream:remoteref) refs/heads/main refs/remotes/main [2ms]
2022-11-30 23:14:31.013 [info] > git status -z -uall [12ms]
2022-11-30 23:14:31.013 [info] > git remote --verbose [23ms]
2022-11-30 23:14:31.013 [info] > git for-each-ref --sort -committerdate --format %(refname) %(objectname) %(*objectname) [32ms]
2022-11-30 23:14:31.014 [info] > git config --get commit.template [2ms]
2022-11-30 23:14:31.028 [info] > git for-each-ref --format=%(refname)%00%(upstream:short)%00%(objectname)%00%(upstream:track)%00%(upstream:remotename)%00%(upstream:remoteref) refs/heads/main refs/remotes/main [2ms]
2022-11-30 23:14:37.543 [info] > git status -z -uall [12ms]
2022-11-30 23:14:37.544 [info] > git remote --verbose [25ms]
2022-11-30 23:14:37.544 [info] > git for-each-ref --sort -committerdate --format %(refname) %(objectname) %(*objectname) [37ms]
2022-11-30 23:14:37.546 [info] > git config --get commit.template [4ms]
2022-11-30 23:14:37.562 [info] > git for-each-ref --format=%(refname)%00%(upstream:short)%00%(objectname)%00%(upstream:track)%00%(upstream:remotename)%00%(upstream:remoteref) refs/heads/main refs/remotes/main [3ms]
2022-11-30 23:14:43.128 [info] > git status -z -uall [13ms]
2022-11-30 23:14:43.129 [info] > git remote --verbose [25ms]
2022-11-30 23:14:43.129 [info] > git for-each-ref --sort -committerdate --format %(refname) %(objectname) %(*objectname) [37ms]
2022-11-30 23:14:43.130 [info] > git config --get commit.template [3ms]
2022-11-30 23:14:43.146 [info] > git for-each-ref --format=%(refname)%00%(upstream:short)%00%(objectname)%00%(upstream:track)%00%(upstream:remotename)%00%(upstream:remoteref) refs/heads/main refs/remotes/main [3ms]
2022-11-30 23:15:05.014 [info] > git status -z -uall [13ms]
2022-11-30 23:15:05.015 [info] > git remote --verbose [24ms]
2022-11-30 23:15:05.015 [info] > git for-each-ref --sort -committerdate --format %(refname) %(objectname) %(*objectname) [33ms]
2022-11-30 23:15:05.016 [info] > git config --get commit.template [1ms]
2022-11-30 23:15:05.029 [info] > git for-each-ref --format=%(refname)%00%(upstream:short)%00%(objectname)%00%(upstream:track)%00%(upstream:remotename)%00%(upstream:remoteref) refs/heads/main refs/remotes/main [2ms]
2022-11-30 23:15:18.673 [info] > git status -z -uall [11ms]
2022-11-30 23:15:18.674 [info] > git remote --verbose [21ms]
2022-11-30 23:15:18.674 [info] > git for-each-ref --sort -committerdate --format %(refname) %(objectname) %(*objectname) [31ms]
2022-11-30 23:15:18.675 [info] > git config --get commit.template [1ms]
2022-11-30 23:15:18.687 [info] > git for-each-ref --format=%(refname)%00%(upstream:short)%00%(objectname)%00%(upstream:track)%00%(upstream:remotename)%00%(upstream:remoteref) refs/heads/main refs/remotes/main [2ms]
2022-11-30 23:15:32.129 [info] > git status -z -uall [14ms]
2022-11-30 23:15:32.129 [info] > git remote --verbose [28ms]
2022-11-30 23:15:32.129 [info] > git for-each-ref --sort -committerdate --format %(refname) %(objectname) %(*objectname) [38ms]
2022-11-30 23:15:32.130 [info] > git config --get commit.template [2ms]
2022-11-30 23:15:32.145 [info] > git for-each-ref --format=%(refname)%00%(upstream:short)%00%(objectname)%00%(upstream:track)%00%(upstream:remotename)%00%(upstream:remoteref) refs/heads/main refs/remotes/main [2ms]
2022-11-30 23:16:21.456 [info] > git status -z -uall [11ms]
2022-11-30 23:16:21.456 [info] > git remote --verbose [20ms]
2022-11-30 23:16:21.456 [info] > git for-each-ref --sort -committerdate --format %(refname) %(objectname) %(*objectname) [29ms]
2022-11-30 23:16:21.457 [info] > git config --get commit.template [2ms]
2022-11-30 23:16:21.469 [info] > git for-each-ref --format=%(refname)%00%(upstream:short)%00%(objectname)%00%(upstream:track)%00%(upstream:remotename)%00%(upstream:remoteref) refs/heads/main refs/remotes/main [2ms]
2022-11-30 23:16:53.463 [info] > git status -z -uall [12ms]
2022-11-30 23:16:53.464 [info] > git remote --verbose [22ms]
2022-11-30 23:16:53.464 [info] > git for-each-ref --sort -committerdate --format %(refname) %(objectname) %(*objectname) [33ms]
2022-11-30 23:16:53.464 [info] > git config --get commit.template [1ms]
2022-11-30 23:16:53.479 [info] > git for-each-ref --format=%(refname)%00%(upstream:short)%00%(objectname)%00%(upstream:track)%00%(upstream:remotename)%00%(upstream:remoteref) refs/heads/main refs/remotes/main [3ms]
2022-11-30 23:17:01.121 [info] > git check-ignore -v -z --stdin [2ms]
2022-11-30 23:17:06.669 [info] > git status -z -uall [12ms]
2022-11-30 23:17:06.669 [info] > git remote --verbose [23ms]
2022-11-30 23:17:06.669 [info] > git for-each-ref --sort -committerdate --format %(refname) %(objectname) %(*objectname) [33ms]
2022-11-30 23:17:06.670 [info] > git config --get commit.template [2ms]
2022-11-30 23:17:06.684 [info] > git for-each-ref --format=%(refname)%00%(upstream:short)%00%(objectname)%00%(upstream:track)%00%(upstream:remotename)%00%(upstream:remoteref) refs/heads/main refs/remotes/main [2ms]
2022-11-30 23:17:41.245 [info] > git status -z -uall [12ms]
2022-11-30 23:17:41.245 [info] > git remote --verbose [22ms]
2022-11-30 23:17:41.246 [info] > git for-each-ref --sort -committerdate --format %(refname) %(objectname) %(*objectname) [31ms]
2022-11-30 23:17:41.246 [info] > git config --get commit.template [2ms]
2022-11-30 23:17:41.259 [info] > git for-each-ref --format=%(refname)%00%(upstream:short)%00%(objectname)%00%(upstream:track)%00%(upstream:remotename)%00%(upstream:remoteref) refs/heads/main refs/remotes/main [2ms]
2022-11-30 23:17:41.278 [info] > git check-ignore -v -z --stdin [1ms]
2022-11-30 23:17:54.514 [info] > git status -z -uall [11ms]
2022-11-30 23:17:54.514 [info] > git remote --verbose [22ms]
2022-11-30 23:17:54.515 [info] > git for-each-ref --sort -committerdate --format %(refname) %(objectname) %(*objectname) [33ms]
2022-11-30 23:17:54.515 [info] > git config --get commit.template [2ms]
2022-11-30 23:17:54.529 [info] > git for-each-ref --format=%(refname)%00%(upstream:short)%00%(objectname)%00%(upstream:track)%00%(upstream:remotename)%00%(upstream:remoteref) refs/heads/main refs/remotes/main [2ms]
2022-11-30 23:19:03.581 [info] > git status -z -uall [15ms]
2022-11-30 23:19:03.581 [info] > git remote --verbose [25ms]
2022-11-30 23:19:03.581 [info] > git for-each-ref --sort -committerdate --format %(refname) %(objectname) %(*objectname) [35ms]
2022-11-30 23:19:03.582 [info] > git config --get commit.template [3ms]
2022-11-30 23:19:03.598 [info] > git for-each-ref --format=%(refname)%00%(upstream:short)%00%(objectname)%00%(upstream:track)%00%(upstream:remotename)%00%(upstream:remoteref) refs/heads/main refs/remotes/main [3ms]
2022-11-30 23:21:02.143 [info] > git status -z -uall [15ms]
2022-11-30 23:21:02.144 [info] > git remote --verbose [30ms]
2022-11-30 23:21:02.144 [info] > git for-each-ref --sort -committerdate --format %(refname) %(objectname) %(*objectname) [42ms]
2022-11-30 23:21:02.149 [info] > git config --get commit.template [6ms]
2022-11-30 23:21:02.163 [info] > git for-each-ref --format=%(refname)%00%(upstream:short)%00%(objectname)%00%(upstream:track)%00%(upstream:remotename)%00%(upstream:remoteref) refs/heads/main refs/remotes/main [3ms]
2022-11-30 23:21:04.896 [info] > git check-ignore -v -z --stdin [2ms]
2022-11-30 23:21:07.212 [info] > git status -z -uall [12ms]
2022-11-30 23:21:07.212 [info] > git remote --verbose [23ms]
2022-11-30 23:21:07.212 [info] > git for-each-ref --sort -committerdate --format %(refname) %(objectname) %(*objectname) [33ms]
2022-11-30 23:21:07.213 [info] > git config --get commit.template [2ms]
2022-11-30 23:21:07.226 [info] > git for-each-ref --format=%(refname)%00%(upstream:short)%00%(objectname)%00%(upstream:track)%00%(upstream:remotename)%00%(upstream:remoteref) refs/heads/main refs/remotes/main [2ms]
2022-11-30 23:21:18.016 [info] > git status -z -uall [13ms]
2022-11-30 23:21:18.016 [info] > git remote --verbose [27ms]
2022-11-30 23:21:18.016 [info] > git for-each-ref --sort -committerdate --format %(refname) %(objectname) %(*objectname) [39ms]
2022-11-30 23:21:18.017 [info] > git config --get commit.template [2ms]
2022-11-30 23:21:18.033 [info] > git for-each-ref --format=%(refname)%00%(upstream:short)%00%(objectname)%00%(upstream:track)%00%(upstream:remotename)%00%(upstream:remoteref) refs/heads/main refs/remotes/main [3ms]
2022-11-30 23:22:37.317 [info] > git status -z -uall [12ms]
2022-11-30 23:22:37.318 [info] > git remote --verbose [25ms]
2022-11-30 23:22:37.318 [info] > git for-each-ref --sort -committerdate --format %(refname) %(objectname) %(*objectname) [39ms]
2022-11-30 23:22:37.319 [info] > git config --get commit.template [2ms]
2022-11-30 23:22:37.335 [info] > git for-each-ref --format=%(refname)%00%(upstream:short)%00%(objectname)%00%(upstream:track)%00%(upstream:remotename)%00%(upstream:remoteref) refs/heads/main refs/remotes/main [3ms]
2022-11-30 23:23:02.784 [info] > git status -z -uall [17ms]
2022-11-30 23:23:02.785 [info] > git remote --verbose [33ms]
2022-11-30 23:23:02.786 [info] > git for-each-ref --sort -committerdate --format %(refname) %(objectname) %(*objectname) [47ms]
2022-11-30 23:23:02.789 [info] > git config --get commit.template [6ms]
2022-11-30 23:23:02.808 [info] > git for-each-ref --format=%(refname)%00%(upstream:short)%00%(objectname)%00%(upstream:track)%00%(upstream:remotename)%00%(upstream:remoteref) refs/heads/main refs/remotes/main [3ms]
2022-11-30 23:23:13.123 [info] > git status -z -uall [14ms]
2022-11-30 23:23:13.123 [info] > git remote --verbose [25ms]
2022-11-30 23:23:13.123 [info] > git for-each-ref --sort -committerdate --format %(refname) %(objectname) %(*objectname) [36ms]
2022-11-30 23:23:13.124 [info] > git config --get commit.template [2ms]
2022-11-30 23:23:13.139 [info] > git for-each-ref --format=%(refname)%00%(upstream:short)%00%(objectname)%00%(upstream:track)%00%(upstream:remotename)%00%(upstream:remoteref) refs/heads/main refs/remotes/main [3ms]
2022-11-30 23:23:41.856 [info] > git status -z -uall [15ms]
2022-11-30 23:23:41.856 [info] > git remote --verbose [29ms]
2022-11-30 23:23:41.856 [info] > git for-each-ref --sort -committerdate --format %(refname) %(objectname) %(*objectname) [40ms]
2022-11-30 23:23:41.858 [info] > git config --get commit.template [3ms]
2022-11-30 23:23:41.875 [info] > git for-each-ref --format=%(refname)%00%(upstream:short)%00%(objectname)%00%(upstream:track)%00%(upstream:remotename)%00%(upstream:remoteref) refs/heads/main refs/remotes/main [3ms]
2022-11-30 23:24:17.096 [info] > git status -z -uall [12ms]
2022-11-30 23:24:17.097 [info] > git remote --verbose [26ms]
2022-11-30 23:24:17.097 [info] > git for-each-ref --sort -committerdate --format %(refname) %(objectname) %(*objectname) [37ms]
2022-11-30 23:24:17.098 [info] > git config --get commit.template [3ms]
2022-11-30 23:24:17.114 [info] > git for-each-ref --format=%(refname)%00%(upstream:short)%00%(objectname)%00%(upstream:track)%00%(upstream:remotename)%00%(upstream:remoteref) refs/heads/main refs/remotes/main [2ms]
2022-11-30 23:24:17.166 [info] > git ls-files --stage -- /home/odin/GitHub/python/CryptoFile/crypt.py [2ms]
2022-11-30 23:24:17.179 [info] > git cat-file -s 4ef3d6abdd37e9a49ac2f37ca4ab8e96fd5a1b03 [2ms]
2022-11-30 23:24:17.196 [info] > git show --textconv :crypt.py [2ms]
2022-11-30 23:24:22.170 [info] > git status -z -uall [13ms]
2022-11-30 23:24:22.171 [info] > git remote --verbose [24ms]
2022-11-30 23:24:22.171 [info] > git for-each-ref --sort -committerdate --format %(refname) %(objectname) %(*objectname) [38ms]
2022-11-30 23:24:22.172 [info] > git config --get commit.template [2ms]
2022-11-30 23:24:22.188 [info] > git for-each-ref --format=%(refname)%00%(upstream:short)%00%(objectname)%00%(upstream:track)%00%(upstream:remotename)%00%(upstream:remoteref) refs/heads/main refs/remotes/main [3ms]
2022-11-30 23:24:51.036 [info] > git status -z -uall [12ms]
2022-11-30 23:24:51.037 [info] > git remote --verbose [24ms]
2022-11-30 23:24:51.037 [info] > git for-each-ref --sort -committerdate --format %(refname) %(objectname) %(*objectname) [36ms]
2022-11-30 23:24:51.038 [info] > git config --get commit.template [2ms]
2022-11-30 23:24:51.054 [info] > git for-each-ref --format=%(refname)%00%(upstream:short)%00%(objectname)%00%(upstream:track)%00%(upstream:remotename)%00%(upstream:remoteref) refs/heads/main refs/remotes/main [3ms]
2022-11-30 23:25:20.282 [info] > git show --textconv :DATA/Prueba1 copy [12ms]
2022-11-30 23:25:20.283 [info] > git ls-files --stage -- /home/odin/GitHub/python/CryptoFile/DATA/Prueba1 copy [2ms]
2022-11-30 23:25:28.978 [info] > git show --textconv :crypt.py [14ms]
2022-11-30 23:25:28.980 [info] > git ls-files --stage -- /home/odin/GitHub/python/CryptoFile/crypt.py [1ms]
2022-11-30 23:25:28.994 [info] > git cat-file -s 4ef3d6abdd37e9a49ac2f37ca4ab8e96fd5a1b03 [2ms]
2022-11-30 23:25:31.048 [info] > git status -z -uall [11ms]
2022-11-30 23:25:31.049 [info] > git remote --verbose [24ms]
2022-11-30 23:25:31.049 [info] > git for-each-ref --sort -committerdate --format %(refname) %(objectname) %(*objectname) [35ms]
2022-11-30 23:25:31.050 [info] > git config --get commit.template [2ms]
2022-11-30 23:25:31.065 [info] > git for-each-ref --format=%(refname)%00%(upstream:short)%00%(objectname)%00%(upstream:track)%00%(upstream:remotename)%00%(upstream:remoteref) refs/heads/main refs/remotes/main [2ms]
2022-11-30 23:25:34.280 [info] > git check-ignore -v -z --stdin [2ms]
2022-11-30 23:25:38.435 [info] > git check-ignore -v -z --stdin [2ms]
2022-11-30 23:26:07.484 [info] > git status -z -uall [12ms]
2022-11-30 23:26:07.485 [info] > git remote --verbose [24ms]
2022-11-30 23:26:07.485 [info] > git for-each-ref --sort -committerdate --format %(refname) %(objectname) %(*objectname) [34ms]
2022-11-30 23:26:07.486 [info] > git config --get commit.template [2ms]
2022-11-30 23:26:07.500 [info] > git for-each-ref --format=%(refname)%00%(upstream:short)%00%(objectname)%00%(upstream:track)%00%(upstream:remotename)%00%(upstream:remoteref) refs/heads/main refs/remotes/main [2ms]
2022-11-30 23:26:13.254 [info] > git check-ignore -v -z --stdin [4ms]
2022-11-30 23:26:14.577 [info] > git check-ignore -v -z --stdin [2ms]
2022-11-30 23:26:15.586 [info] > git check-ignore -v -z --stdin [2ms]
2022-11-30 23:26:17.162 [info] > git check-ignore -v -z --stdin [3ms]
2022-11-30 23:27:02.398 [info] > git status -z -uall [16ms]
2022-11-30 23:27:02.398 [info] > git remote --verbose [30ms]
2022-11-30 23:27:02.398 [info] > git for-each-ref --sort -committerdate --format %(refname) %(objectname) %(*objectname) [41ms]
2022-11-30 23:27:02.399 [info] > git config --get commit.template [2ms]
2022-11-30 23:27:02.415 [info] > git for-each-ref --format=%(refname)%00%(upstream:short)%00%(objectname)%00%(upstream:track)%00%(upstream:remotename)%00%(upstream:remoteref) refs/heads/main refs/remotes/main [2ms]
2022-11-30 23:27:15.345 [info] > git status -z -uall [15ms]
2022-11-30 23:27:15.346 [info] > git remote --verbose [30ms]
2022-11-30 23:27:15.346 [info] > git for-each-ref --sort -committerdate --format %(refname) %(objectname) %(*objectname) [46ms]
2022-11-30 23:27:15.348 [info] > git config --get commit.template [4ms]
2022-11-30 23:27:15.365 [info] > git for-each-ref --format=%(refname)%00%(upstream:short)%00%(objectname)%00%(upstream:track)%00%(upstream:remotename)%00%(upstream:remoteref) refs/heads/main refs/remotes/main [2ms]
2022-11-30 23:27:21.312 [info] > git check-ignore -v -z --stdin [2ms]
2022-11-30 23:27:22.995 [info] > git check-ignore -v -z --stdin [2ms]
2022-11-30 23:27:32.510 [info] > git check-ignore -v -z --stdin [1ms]
2022-11-30 23:27:33.031 [info] > git status -z -uall [12ms]
2022-11-30 23:27:33.031 [info] > git remote --verbose [21ms]
2022-11-30 23:27:33.032 [info] > git for-each-ref --sort -committerdate --format %(refname) %(objectname) %(*objectname) [32ms]
2022-11-30 23:27:33.032 [info] > git config --get commit.template [2ms]
2022-11-30 23:27:33.047 [info] > git for-each-ref --format=%(refname)%00%(upstream:short)%00%(objectname)%00%(upstream:track)%00%(upstream:remotename)%00%(upstream:remoteref) refs/heads/main refs/remotes/main [2ms]
2022-11-30 23:27:41.027 [info] > git status -z -uall [17ms]
2022-11-30 23:27:41.028 [info] > git remote --verbose [35ms]
2022-11-30 23:27:41.028 [info] > git for-each-ref --sort -committerdate --format %(refname) %(objectname) %(*objectname) [53ms]
2022-11-30 23:27:41.029 [info] > git config --get commit.template [3ms]
2022-11-30 23:27:41.048 [info] > git for-each-ref --format=%(refname)%00%(upstream:short)%00%(objectname)%00%(upstream:track)%00%(upstream:remotename)%00%(upstream:remoteref) refs/heads/main refs/remotes/main [2ms]
2022-11-30 23:27:46.657 [info] > git check-ignore -v -z --stdin [2ms]
2022-11-30 23:29:11.300 [info] > git status -z -uall [11ms]
2022-11-30 23:29:11.301 [info] > git remote --verbose [22ms]
2022-11-30 23:29:11.301 [info] > git for-each-ref --sort -committerdate --format %(refname) %(objectname) %(*objectname) [33ms]
2022-11-30 23:29:11.302 [info] > git config --get commit.template [3ms]
2022-11-30 23:29:11.317 [info] > git for-each-ref --format=%(refname)%00%(upstream:short)%00%(objectname)%00%(upstream:track)%00%(upstream:remotename)%00%(upstream:remoteref) refs/heads/main refs/remotes/main [2ms]
2022-11-30 23:29:41.542 [info] > git status -z -uall [12ms]
2022-11-30 23:29:41.542 [info] > git remote --verbose [24ms]
2022-11-30 23:29:41.542 [info] > git for-each-ref --sort -committerdate --format %(refname) %(objectname) %(*objectname) [35ms]
2022-11-30 23:29:41.543 [info] > git config --get commit.template [2ms]
2022-11-30 23:29:41.556 [info] > git for-each-ref --format=%(refname)%00%(upstream:short)%00%(objectname)%00%(upstream:track)%00%(upstream:remotename)%00%(upstream:remoteref) refs/heads/main refs/remotes/main [2ms]
2022-11-30 23:30:22.092 [info] > git status -z -uall [12ms]
2022-11-30 23:30:22.093 [info] > git remote --verbose [24ms]
2022-11-30 23:30:22.093 [info] > git for-each-ref --sort -committerdate --format %(refname) %(objectname) %(*objectname) [33ms]
2022-11-30 23:30:22.093 [info] > git config --get commit.template [2ms]
2022-11-30 23:30:22.107 [info] > git for-each-ref --format=%(refname)%00%(upstream:short)%00%(objectname)%00%(upstream:track)%00%(upstream:remotename)%00%(upstream:remoteref) refs/heads/main refs/remotes/main [2ms]
2022-11-30 23:30:22.259 [info] > git ls-files --stage -- /home/odin/GitHub/python/CryptoFile/crypt.py [2ms]
2022-11-30 23:30:22.272 [info] > git cat-file -s aff6ceb85d5565881f91f7736a80796787aa3cda [4ms]
2022-11-30 23:30:22.293 [info] > git show --textconv :crypt.py [3ms]
2022-11-30 23:30:27.331 [info] > git status -z -uall [14ms]
2022-11-30 23:30:27.331 [info] > git remote --verbose [23ms]
2022-11-30 23:30:27.331 [info] > git for-each-ref --sort -committerdate --format %(refname) %(objectname) %(*objectname) [35ms]
2022-11-30 23:30:27.332 [info] > git config --get commit.template [2ms]
2022-11-30 23:30:27.345 [info] > git for-each-ref --format=%(refname)%00%(upstream:short)%00%(objectname)%00%(upstream:track)%00%(upstream:remotename)%00%(upstream:remoteref) refs/heads/main refs/remotes/main [2ms]
2022-11-30 23:30:27.400 [info] > git ls-files --stage -- /home/odin/GitHub/python/CryptoFile/crypt.py [2ms]
2022-11-30 23:30:27.413 [info] > git cat-file -s aff6ceb85d5565881f91f7736a80796787aa3cda [2ms]
2022-11-30 23:30:27.434 [info] > git show --textconv :crypt.py [3ms]
2022-11-30 23:30:48.538 [info] > git rev-parse --show-toplevel [2ms]
2022-11-30 23:30:48.556 [info] > git rev-parse --git-dir --git-common-dir [2ms]
2022-11-30 23:30:48.570 [info] Log level: Info
2022-11-30 23:30:48.570 [info] Open repository: /home/odin/GitHub/python/PythonFileManagement
2022-11-30 23:30:48.636 [info] > git status -z -uall [22ms]
2022-11-30 23:30:48.636 [info] > git remote --verbose [37ms]
2022-11-30 23:30:48.637 [info] > git for-each-ref --sort -committerdate --format %(refname) %(objectname) %(*objectname) [51ms]
2022-11-30 23:30:48.638 [info] > git config --get commit.template [2ms]
2022-11-30 23:30:48.655 [info] > git for-each-ref --format=%(refname)%00%(upstream:short)%00%(objectname)%00%(upstream:track)%00%(upstream:remotename)%00%(upstream:remoteref) refs/heads/main refs/remotes/main [3ms]
2022-11-30 23:30:49.330 [info] > git check-ignore -v -z --stdin [16ms]
2022-11-30 23:30:49.333 [info] > git check-ignore -v -z --stdin [4ms]
2022-11-30 23:30:50.554 [info] > git status -z -uall [14ms]
2022-11-30 23:30:50.554 [info] > git remote --verbose [27ms]
2022-11-30 23:30:50.554 [info] > git for-each-ref --sort -committerdate --format %(refname) %(objectname) %(*objectname) [40ms]
2022-11-30 23:30:50.555 [info] > git config --get commit.template [2ms]
2022-11-30 23:30:50.565 [info] > git for-each-ref --format=%(refname)%00%(upstream:short)%00%(objectname)%00%(upstream:track)%00%(upstream:remotename)%00%(upstream:remoteref) refs/heads/main refs/remotes/main [2ms]
2022-11-30 23:30:53.904 [info] > git check-ignore -v -z --stdin [1ms]
2022-11-30 23:30:55.585 [info] > git show --textconv :sort.py [11ms]
2022-11-30 23:30:55.586 [info] > git ls-files --stage -- /home/odin/GitHub/python/PythonFileManagement/sort.py [2ms]
2022-11-30 23:30:55.597 [info] > git cat-file -s ca22f4e7435c9c8c04038291595141a6842d4666 [2ms]
2022-11-30 23:31:05.757 [info] > git show --textconv :crypt.py [15ms]
2022-11-30 23:31:05.758 [info] > git ls-files --stage -- /home/odin/GitHub/python/CryptoFile/crypt.py [2ms]
2022-11-30 23:31:05.773 [info] > git cat-file -s aff6ceb85d5565881f91f7736a80796787aa3cda [3ms]
2022-11-30 23:31:11.695 [info] > git show --textconv :sort.py [10ms]
2022-11-30 23:31:11.696 [info] > git ls-files --stage -- /home/odin/GitHub/python/PythonFileManagement/sort.py [2ms]
2022-11-30 23:31:11.707 [info] > git cat-file -s ca22f4e7435c9c8c04038291595141a6842d4666 [2ms]
2022-11-30 23:31:54.515 [info] > git status -z -uall [12ms]
2022-11-30 23:31:54.515 [info] > git remote --verbose [22ms]
2022-11-30 23:31:54.516 [info] > git for-each-ref --sort -committerdate --format %(refname) %(objectname) %(*objectname) [33ms]
2022-11-30 23:31:54.516 [info] > git config --get commit.template [2ms]
2022-11-30 23:31:54.529 [info] > git for-each-ref --format=%(refname)%00%(upstream:short)%00%(objectname)%00%(upstream:track)%00%(upstream:remotename)%00%(upstream:remoteref) refs/heads/main refs/remotes/main [2ms]
2022-11-30 23:33:56.201 [info] > git status -z -uall [11ms]
2022-11-30 23:33:56.201 [info] > git remote --verbose [22ms]
2022-11-30 23:33:56.202 [info] > git for-each-ref --sort -committerdate --format %(refname) %(objectname) %(*objectname) [33ms]
2022-11-30 23:33:56.202 [info] > git config --get commit.template [1ms]
2022-11-30 23:33:56.216 [info] > git for-each-ref --format=%(refname)%00%(upstream:short)%00%(objectname)%00%(upstream:track)%00%(upstream:remotename)%00%(upstream:remoteref) refs/heads/main refs/remotes/main [2ms]
