2022-11-30 22:49:13.162 [info] Starting worker process with pid 11184 (type: fileWatcher, window: 1).
2022-11-30 22:50:19.654 [error] [uncaught exception in sharedProcess]: Cannot read properties of undefined (reading 'then'): TypeError: Cannot read properties of undefined (reading 'then')
    at a.onPromise (vscode-file://vscode-app/usr/lib/code/out/vs/code/electron-browser/sharedProcess/sharedProcessMain.js:23:5934)
    at a.onRawMessage (vscode-file://vscode-app/usr/lib/code/out/vs/code/electron-browser/sharedProcess/sharedProcessMain.js:23:5227)
    at vscode-file://vscode-app/usr/lib/code/out/vs/code/electron-browser/sharedProcess/sharedProcessMain.js:23:4508
    at v.invoke (vscode-file://vscode-app/usr/lib/code/out/vs/code/electron-browser/sharedProcess/sharedProcessMain.js:19:145)
    at p.deliver (vscode-file://vscode-app/usr/lib/code/out/vs/code/electron-browser/sharedProcess/sharedProcessMain.js:19:2266)
    at y.fire (vscode-file://vscode-app/usr/lib/code/out/vs/code/electron-browser/sharedProcess/sharedProcessMain.js:19:1844)
    at MessagePort.X (vscode-file://vscode-app/usr/lib/code/out/vs/code/electron-browser/sharedProcess/sharedProcessMain.js:17:24062)
2022-11-30 22:50:22.162 [info] Uninstalling extension: tht13.python@0.2.2
2022-11-30 22:50:22.388 [info] Detected extension removed from another source tht13.python
2022-11-30 22:50:23.010 [info] Successfully uninstalled extension: tht13.python@0.2.2
2022-11-30 22:50:48.392 [info] Getting Manifest... ms-python.python
2022-11-30 22:50:48.605 [info] Installing extension: ms-python.python
2022-11-30 22:50:49.148 [info] Getting Manifest... ms-toolsai.jupyter
2022-11-30 22:50:51.822 [info] Getting Manifest... ms-toolsai.jupyter-keymap
2022-11-30 22:50:52.349 [info] Getting Manifest... ms-toolsai.jupyter-renderers
2022-11-30 22:50:53.032 [info] Installing extension: ms-toolsai.jupyter ms-python.python
2022-11-30 22:50:53.032 [info] Installing extension: ms-toolsai.jupyter-keymap ms-python.python
2022-11-30 22:50:53.032 [info] Installing extension: ms-toolsai.jupyter-renderers ms-python.python
2022-11-30 22:50:54.376 [info] Extracted extension to /home/odin/.vscode-oss/extensions/.c9ebb7cf-8ef7-4433-9a4f-f1cf0bec49e9: ms-toolsai.jupyter-keymap
2022-11-30 22:50:54.385 [info] Renamed to /home/odin/.vscode-oss/extensions/ms-toolsai.jupyter-keymap-1.0.0-universal
2022-11-30 22:50:54.388 [info] Extracting completed. ms-toolsai.jupyter-keymap
2022-11-30 22:51:59.090 [info] Extracted extension to /home/odin/.vscode-oss/extensions/.a4f85c50-06cf-4f29-a433-e401a01a3b40: ms-toolsai.jupyter-renderers
2022-11-30 22:51:59.109 [info] Renamed to /home/odin/.vscode-oss/extensions/ms-toolsai.jupyter-renderers-1.0.11-universal
2022-11-30 22:51:59.111 [info] Extracting completed. ms-toolsai.jupyter-renderers
2022-11-30 22:52:36.082 [info] Extracted extension to /home/odin/.vscode-oss/extensions/.51d548b6-72a3-47e4-80b2-cd6df194829f: ms-toolsai.jupyter
2022-11-30 22:52:36.102 [info] Renamed to /home/odin/.vscode-oss/extensions/ms-toolsai.jupyter-2022.10.110-universal
2022-11-30 22:52:36.130 [info] Extracting completed. ms-toolsai.jupyter
2022-11-30 22:53:56.280 [info] Extracted extension to /home/odin/.vscode-oss/extensions/.358ca116-af88-45ac-ab35-dc3506fa4a79: ms-python.python
2022-11-30 22:53:56.304 [info] Renamed to /home/odin/.vscode-oss/extensions/ms-python.python-2022.18.2-universal
2022-11-30 22:53:56.314 [info] Extracting completed. ms-python.python
2022-11-30 22:53:56.321 [info] Extension installed successfully: ms-toolsai.jupyter-keymap
2022-11-30 22:53:56.322 [info] Extension installed successfully: ms-toolsai.jupyter-renderers
2022-11-30 22:53:56.322 [info] Extension installed successfully: ms-toolsai.jupyter
2022-11-30 22:53:56.323 [info] Extension installed successfully: ms-python.python
