Code - OSS (1.73.1, undefined, desktop)
Jupyter Extension Version: 2022.10.110.
Python Extension Version: 2022.18.2.
Workspace folder /home/odin/GitHub/python
info 22:53:58.062: ZMQ install verified.
error 22:53:58.615: Failure during activation. [Error: Extension 'ms-toolsai.jupyter' CANNOT use API proposal: notebookCellExecutionState.
Its package.json#enabledApiProposals-property declares:  but NOT notebookCellExecutionState.
 The missing proposal MUST be added and you must start in extension development mode or use the following command line switch: --enable-proposed-api ms-toolsai.jupyter
	at m (/usr/lib/code/out/vs/workbench/api/node/extensionHostProcess.js:88:44793)
	at d.onDidChangeNotebookCellExecutionState (/usr/lib/code/out/vs/workbench/api/node/extensionHostProcess.js:113:54599)
	at new S (/home/odin/.vscode-oss/extensions/ms-toolsai.jupyter-2022.10.110-universal/out/extension.node.js:17:207218)
	at t.resolveInstance (/home/odin/.vscode-oss/extensions/ms-toolsai.jupyter-2022.10.110-universal/out/extension.node.js:17:1297910)
	at /home/odin/.vscode-oss/extensions/ms-toolsai.jupyter-2022.10.110-universal/out/extension.node.js:17:1299848
	at /home/odin/.vscode-oss/extensions/ms-toolsai.jupyter-2022.10.110-universal/out/extension.node.js:17:1298766
	at Array.map (<anonymous>)
	at /home/odin/.vscode-oss/extensions/ms-toolsai.jupyter-2022.10.110-universal/out/extension.node.js:17:1298738
	at Array.map (<anonymous>)
	at t.resolveInstance (/home/odin/.vscode-oss/extensions/ms-toolsai.jupyter-2022.10.110-universal/out/extension.node.js:17:1297684)
	at /home/odin/.vscode-oss/extensions/ms-toolsai.jupyter-2022.10.110-universal/out/extension.node.js:17:1299848
	at t.resolve (/home/odin/.vscode-oss/extensions/ms-toolsai.jupyter-2022.10.110-universal/out/extension.node.js:17:1300111)
	at /home/odin/.vscode-oss/extensions/ms-toolsai.jupyter-2022.10.110-universal/out/extension.node.js:17:1283524
	at e._get (/home/odin/.vscode-oss/extensions/ms-toolsai.jupyter-2022.10.110-universal/out/extension.node.js:17:1283290)
	at e.get (/home/odin/.vscode-oss/extensions/ms-toolsai.jupyter-2022.10.110-universal/out/extension.node.js:17:1281933)
	at a.get (/home/odin/.vscode-oss/extensions/ms-toolsai.jupyter-2022.10.110-universal/out/extension.node.js:17:50621)
	at /home/odin/.vscode-oss/extensions/ms-toolsai.jupyter-2022.10.110-universal/out/extension.node.js:2:4923
	at process.processTicksAndRejections (node:internal/process/task_queues:96:5)]
error 22:53:58.632: sendStartupTelemetry() failed. [Error: Extension 'ms-toolsai.jupyter' CANNOT use API proposal: notebookCellExecutionState.
Its package.json#enabledApiProposals-property declares:  but NOT notebookCellExecutionState.
 The missing proposal MUST be added and you must start in extension development mode or use the following command line switch: --enable-proposed-api ms-toolsai.jupyter
	at m (/usr/lib/code/out/vs/workbench/api/node/extensionHostProcess.js:88:44793)
	at d.onDidChangeNotebookCellExecutionState (/usr/lib/code/out/vs/workbench/api/node/extensionHostProcess.js:113:54599)
	at new S (/home/odin/.vscode-oss/extensions/ms-toolsai.jupyter-2022.10.110-universal/out/extension.node.js:17:207218)
	at t.resolveInstance (/home/odin/.vscode-oss/extensions/ms-toolsai.jupyter-2022.10.110-universal/out/extension.node.js:17:1297910)
	at /home/odin/.vscode-oss/extensions/ms-toolsai.jupyter-2022.10.110-universal/out/extension.node.js:17:1299848
	at /home/odin/.vscode-oss/extensions/ms-toolsai.jupyter-2022.10.110-universal/out/extension.node.js:17:1298766
	at Array.map (<anonymous>)
	at /home/odin/.vscode-oss/extensions/ms-toolsai.jupyter-2022.10.110-universal/out/extension.node.js:17:1298738
	at Array.map (<anonymous>)
	at t.resolveInstance (/home/odin/.vscode-oss/extensions/ms-toolsai.jupyter-2022.10.110-universal/out/extension.node.js:17:1297684)
	at /home/odin/.vscode-oss/extensions/ms-toolsai.jupyter-2022.10.110-universal/out/extension.node.js:17:1299848
	at t.resolve (/home/odin/.vscode-oss/extensions/ms-toolsai.jupyter-2022.10.110-universal/out/extension.node.js:17:1300111)
	at /home/odin/.vscode-oss/extensions/ms-toolsai.jupyter-2022.10.110-universal/out/extension.node.js:17:1283524
	at e._get (/home/odin/.vscode-oss/extensions/ms-toolsai.jupyter-2022.10.110-universal/out/extension.node.js:17:1283290)
	at e.get (/home/odin/.vscode-oss/extensions/ms-toolsai.jupyter-2022.10.110-universal/out/extension.node.js:17:1281933)
	at a.get (/home/odin/.vscode-oss/extensions/ms-toolsai.jupyter-2022.10.110-universal/out/extension.node.js:17:50621)
	at /home/odin/.vscode-oss/extensions/ms-toolsai.jupyter-2022.10.110-universal/out/extension.node.js:2:4923
	at process.processTicksAndRejections (node:internal/process/task_queues:96:5)]
error 22:53:58.633: extension activation failed [Error: Extension 'ms-toolsai.jupyter' CANNOT use API proposal: notebookCellExecutionState.
Its package.json#enabledApiProposals-property declares:  but NOT notebookCellExecutionState.
 The missing proposal MUST be added and you must start in extension development mode or use the following command line switch: --enable-proposed-api ms-toolsai.jupyter
	at m (/usr/lib/code/out/vs/workbench/api/node/extensionHostProcess.js:88:44793)
	at d.onDidChangeNotebookCellExecutionState (/usr/lib/code/out/vs/workbench/api/node/extensionHostProcess.js:113:54599)
	at new S (/home/odin/.vscode-oss/extensions/ms-toolsai.jupyter-2022.10.110-universal/out/extension.node.js:17:207218)
	at t.resolveInstance (/home/odin/.vscode-oss/extensions/ms-toolsai.jupyter-2022.10.110-universal/out/extension.node.js:17:1297910)
	at /home/odin/.vscode-oss/extensions/ms-toolsai.jupyter-2022.10.110-universal/out/extension.node.js:17:1299848
	at /home/odin/.vscode-oss/extensions/ms-toolsai.jupyter-2022.10.110-universal/out/extension.node.js:17:1298766
	at Array.map (<anonymous>)
	at /home/odin/.vscode-oss/extensions/ms-toolsai.jupyter-2022.10.110-universal/out/extension.node.js:17:1298738
	at Array.map (<anonymous>)
	at t.resolveInstance (/home/odin/.vscode-oss/extensions/ms-toolsai.jupyter-2022.10.110-universal/out/extension.node.js:17:1297684)
	at /home/odin/.vscode-oss/extensions/ms-toolsai.jupyter-2022.10.110-universal/out/extension.node.js:17:1299848
	at t.resolve (/home/odin/.vscode-oss/extensions/ms-toolsai.jupyter-2022.10.110-universal/out/extension.node.js:17:1300111)
	at /home/odin/.vscode-oss/extensions/ms-toolsai.jupyter-2022.10.110-universal/out/extension.node.js:17:1283524
	at e._get (/home/odin/.vscode-oss/extensions/ms-toolsai.jupyter-2022.10.110-universal/out/extension.node.js:17:1283290)
	at e.get (/home/odin/.vscode-oss/extensions/ms-toolsai.jupyter-2022.10.110-universal/out/extension.node.js:17:1281933)
	at a.get (/home/odin/.vscode-oss/extensions/ms-toolsai.jupyter-2022.10.110-universal/out/extension.node.js:17:50621)
	at /home/odin/.vscode-oss/extensions/ms-toolsai.jupyter-2022.10.110-universal/out/extension.node.js:2:4923
	at process.processTicksAndRejections (node:internal/process/task_queues:96:5)]
error 22:53:58.666: Failed to active the Jupyter Extension [Error: Extension 'ms-toolsai.jupyter' CANNOT use API proposal: notebookCellExecutionState.
Its package.json#enabledApiProposals-property declares:  but NOT notebookCellExecutionState.
 The missing proposal MUST be added and you must start in extension development mode or use the following command line switch: --enable-proposed-api ms-toolsai.jupyter
	at m (/usr/lib/code/out/vs/workbench/api/node/extensionHostProcess.js:88:44793)
	at d.onDidChangeNotebookCellExecutionState (/usr/lib/code/out/vs/workbench/api/node/extensionHostProcess.js:113:54599)
	at new S (/home/odin/.vscode-oss/extensions/ms-toolsai.jupyter-2022.10.110-universal/out/extension.node.js:17:207218)
	at t.resolveInstance (/home/odin/.vscode-oss/extensions/ms-toolsai.jupyter-2022.10.110-universal/out/extension.node.js:17:1297910)
	at /home/odin/.vscode-oss/extensions/ms-toolsai.jupyter-2022.10.110-universal/out/extension.node.js:17:1299848
	at /home/odin/.vscode-oss/extensions/ms-toolsai.jupyter-2022.10.110-universal/out/extension.node.js:17:1298766
	at Array.map (<anonymous>)
	at /home/odin/.vscode-oss/extensions/ms-toolsai.jupyter-2022.10.110-universal/out/extension.node.js:17:1298738
	at Array.map (<anonymous>)
	at t.resolveInstance (/home/odin/.vscode-oss/extensions/ms-toolsai.jupyter-2022.10.110-universal/out/extension.node.js:17:1297684)
	at /home/odin/.vscode-oss/extensions/ms-toolsai.jupyter-2022.10.110-universal/out/extension.node.js:17:1299848
	at t.resolve (/home/odin/.vscode-oss/extensions/ms-toolsai.jupyter-2022.10.110-universal/out/extension.node.js:17:1300111)
	at /home/odin/.vscode-oss/extensions/ms-toolsai.jupyter-2022.10.110-universal/out/extension.node.js:17:1283524
	at e._get (/home/odin/.vscode-oss/extensions/ms-toolsai.jupyter-2022.10.110-universal/out/extension.node.js:17:1283290)
	at e.get (/home/odin/.vscode-oss/extensions/ms-toolsai.jupyter-2022.10.110-universal/out/extension.node.js:17:1281933)
	at a.get (/home/odin/.vscode-oss/extensions/ms-toolsai.jupyter-2022.10.110-universal/out/extension.node.js:17:50621)
	at /home/odin/.vscode-oss/extensions/ms-toolsai.jupyter-2022.10.110-universal/out/extension.node.js:2:4923
	at process.processTicksAndRejections (node:internal/process/task_queues:96:5)]
