LSP Notebooks experiment is disabled -- not using Pylance
LSP Notebooks interactive window support is disabled -- not in LSP Notebooks experiment
> conda info --json
> /bin/python ~/.vscode-oss/extensions/ms-python.python-2022.18.2-universal/pythonFiles/get_output_via_markers.py ~/.vscode-oss/extensions/ms-python.python-2022.18.2-universal/pythonFiles/interpreterInfo.py
> /sbin/python ~/.vscode-oss/extensions/ms-python.python-2022.18.2-universal/pythonFiles/get_output_via_markers.py ~/.vscode-oss/extensions/ms-python.python-2022.18.2-universal/pythonFiles/interpreterInfo.py
> /usr/bin/python ~/.vscode-oss/extensions/ms-python.python-2022.18.2-universal/pythonFiles/get_output_via_markers.py ~/.vscode-oss/extensions/ms-python.python-2022.18.2-universal/pythonFiles/interpreterInfo.py
> /usr/sbin/python ~/.vscode-oss/extensions/ms-python.python-2022.18.2-universal/pythonFiles/get_output_via_markers.py ~/.vscode-oss/extensions/ms-python.python-2022.18.2-universal/pythonFiles/interpreterInfo.py
Python interpreter path: /bin/python
[ERROR 2022-10-30 22:53:59.193]: [
  'Failed to activate a workspace, Class name = f, completed in 409ms, has a falsy return value, Arg 1: <Uri:/home/odin/GitHub/python>, Return Value: undefined',
  [Error: Extension 'ms-python.python' CANNOT use API proposal: testObserver.
  Its package.json#enabledApiProposals-property declares:  but NOT testObserver.
   The missing proposal MUST be added and you must start in extension development mode or use the following command line switch: --enable-proposed-api ms-python.python
  	at m (/usr/lib/code/out/vs/workbench/api/node/extensionHostProcess.js:88:44793)
  	at get testResults [as testResults] (/usr/lib/code/out/vs/workbench/api/node/extensionHostProcess.js:113:36138)
  	at P.activate (/home/odin/.vscode-oss/extensions/ms-python.python-2022.18.2-universal/out/client/extension.js:2:764843)
  	at /home/odin/.vscode-oss/extensions/ms-python.python-2022.18.2-universal/out/client/extension.js:2:2251
  	at Array.map (<anonymous>)
  	at f.activateWorkspace (/home/odin/.vscode-oss/extensions/ms-python.python-2022.18.2-universal/out/client/extension.js:2:2241)
  	at process.processTicksAndRejections (node:internal/process/task_queues:96:5)]
]
[ERROR 2022-10-30 22:53:59.198]: Failure during activation. [Error: Extension 'ms-python.python' CANNOT use API proposal: testObserver.
Its package.json#enabledApiProposals-property declares:  but NOT testObserver.
 The missing proposal MUST be added and you must start in extension development mode or use the following command line switch: --enable-proposed-api ms-python.python
	at m (/usr/lib/code/out/vs/workbench/api/node/extensionHostProcess.js:88:44793)
	at get testResults [as testResults] (/usr/lib/code/out/vs/workbench/api/node/extensionHostProcess.js:113:36138)
	at P.activate (/home/odin/.vscode-oss/extensions/ms-python.python-2022.18.2-universal/out/client/extension.js:2:764843)
	at /home/odin/.vscode-oss/extensions/ms-python.python-2022.18.2-universal/out/client/extension.js:2:2251
	at Array.map (<anonymous>)
	at f.activateWorkspace (/home/odin/.vscode-oss/extensions/ms-python.python-2022.18.2-universal/out/client/extension.js:2:2241)
	at process.processTicksAndRejections (node:internal/process/task_queues:96:5)]
[ERROR 2022-10-30 22:53:59.198]: sendStartupTelemetry() failed. [Error: Extension 'ms-python.python' CANNOT use API proposal: testObserver.
Its package.json#enabledApiProposals-property declares:  but NOT testObserver.
 The missing proposal MUST be added and you must start in extension development mode or use the following command line switch: --enable-proposed-api ms-python.python
	at m (/usr/lib/code/out/vs/workbench/api/node/extensionHostProcess.js:88:44793)
	at get testResults [as testResults] (/usr/lib/code/out/vs/workbench/api/node/extensionHostProcess.js:113:36138)
	at P.activate (/home/odin/.vscode-oss/extensions/ms-python.python-2022.18.2-universal/out/client/extension.js:2:764843)
	at /home/odin/.vscode-oss/extensions/ms-python.python-2022.18.2-universal/out/client/extension.js:2:2251
	at Array.map (<anonymous>)
	at f.activateWorkspace (/home/odin/.vscode-oss/extensions/ms-python.python-2022.18.2-universal/out/client/extension.js:2:2241)
	at process.processTicksAndRejections (node:internal/process/task_queues:96:5)]
Starting Jedi language server for python.
DAP Server launched with command: /bin/python /home/odin/.vscode-oss/extensions/ms-python.python-2022.18.2-universal/pythonFiles/lib/python/debugpy/adapter
DAP Server launched with command: /bin/python /home/odin/.vscode-oss/extensions/ms-python.python-2022.18.2-universal/pythonFiles/lib/python/debugpy/adapter
DAP Server launched with command: /bin/python /home/odin/.vscode-oss/extensions/ms-python.python-2022.18.2-universal/pythonFiles/lib/python/debugpy/adapter
DAP Server launched with command: /bin/python /home/odin/.vscode-oss/extensions/ms-python.python-2022.18.2-universal/pythonFiles/lib/python/debugpy/adapter
DAP Server launched with command: /bin/python /home/odin/.vscode-oss/extensions/ms-python.python-2022.18.2-universal/pythonFiles/lib/python/debugpy/adapter
DAP Server launched with command: /bin/python /home/odin/.vscode-oss/extensions/ms-python.python-2022.18.2-universal/pythonFiles/lib/python/debugpy/adapter
DAP Server launched with command: /bin/python /home/odin/.vscode-oss/extensions/ms-python.python-2022.18.2-universal/pythonFiles/lib/python/debugpy/adapter
DAP Server launched with command: /bin/python /home/odin/.vscode-oss/extensions/ms-python.python-2022.18.2-universal/pythonFiles/lib/python/debugpy/adapter
DAP Server launched with command: /bin/python /home/odin/.vscode-oss/extensions/ms-python.python-2022.18.2-universal/pythonFiles/lib/python/debugpy/adapter
DAP Server launched with command: /bin/python /home/odin/.vscode-oss/extensions/ms-python.python-2022.18.2-universal/pythonFiles/lib/python/debugpy/adapter
DAP Server launched with command: /bin/python /home/odin/.vscode-oss/extensions/ms-python.python-2022.18.2-universal/pythonFiles/lib/python/debugpy/adapter
DAP Server launched with command: /bin/python /home/odin/.vscode-oss/extensions/ms-python.python-2022.18.2-universal/pythonFiles/lib/python/debugpy/adapter
DAP Server launched with command: /bin/python /home/odin/.vscode-oss/extensions/ms-python.python-2022.18.2-universal/pythonFiles/lib/python/debugpy/adapter
DAP Server launched with command: /bin/python /home/odin/.vscode-oss/extensions/ms-python.python-2022.18.2-universal/pythonFiles/lib/python/debugpy/adapter
DAP Server launched with command: /bin/python /home/odin/.vscode-oss/extensions/ms-python.python-2022.18.2-universal/pythonFiles/lib/python/debugpy/adapter
DAP Server launched with command: /bin/python /home/odin/.vscode-oss/extensions/ms-python.python-2022.18.2-universal/pythonFiles/lib/python/debugpy/adapter
DAP Server launched with command: /bin/python /home/odin/.vscode-oss/extensions/ms-python.python-2022.18.2-universal/pythonFiles/lib/python/debugpy/adapter
DAP Server launched with command: /bin/python /home/odin/.vscode-oss/extensions/ms-python.python-2022.18.2-universal/pythonFiles/lib/python/debugpy/adapter
DAP Server launched with command: /bin/python /home/odin/.vscode-oss/extensions/ms-python.python-2022.18.2-universal/pythonFiles/lib/python/debugpy/adapter
DAP Server launched with command: /bin/python /home/odin/.vscode-oss/extensions/ms-python.python-2022.18.2-universal/pythonFiles/lib/python/debugpy/adapter
DAP Server launched with command: /bin/python /home/odin/.vscode-oss/extensions/ms-python.python-2022.18.2-universal/pythonFiles/lib/python/debugpy/adapter
DAP Server launched with command: /bin/python /home/odin/.vscode-oss/extensions/ms-python.python-2022.18.2-universal/pythonFiles/lib/python/debugpy/adapter
DAP Server launched with command: /bin/python /home/odin/.vscode-oss/extensions/ms-python.python-2022.18.2-universal/pythonFiles/lib/python/debugpy/adapter
DAP Server launched with command: /bin/python /home/odin/.vscode-oss/extensions/ms-python.python-2022.18.2-universal/pythonFiles/lib/python/debugpy/adapter
DAP Server launched with command: /bin/python /home/odin/.vscode-oss/extensions/ms-python.python-2022.18.2-universal/pythonFiles/lib/python/debugpy/adapter
DAP Server launched with command: /bin/python /home/odin/.vscode-oss/extensions/ms-python.python-2022.18.2-universal/pythonFiles/lib/python/debugpy/adapter
DAP Server launched with command: /bin/python /home/odin/.vscode-oss/extensions/ms-python.python-2022.18.2-universal/pythonFiles/lib/python/debugpy/adapter
DAP Server launched with command: /bin/python /home/odin/.vscode-oss/extensions/ms-python.python-2022.18.2-universal/pythonFiles/lib/python/debugpy/adapter
DAP Server launched with command: /bin/python /home/odin/.vscode-oss/extensions/ms-python.python-2022.18.2-universal/pythonFiles/lib/python/debugpy/adapter
DAP Server launched with command: /bin/python /home/odin/.vscode-oss/extensions/ms-python.python-2022.18.2-universal/pythonFiles/lib/python/debugpy/adapter
