2022-11-30 22:49:11.135 [info] Added views:workbench.panel.markers.view in workbench.panel.markers
2022-11-30 22:49:11.135 [info] Added views:workbench.panel.output in workbench.panel.output
2022-11-30 22:49:11.135 [info] Added views:terminal in terminal
2022-11-30 22:49:11.135 [info] Added views:outline in workbench.view.explorer
2022-11-30 22:49:11.135 [info] Added views:workbench.scm in workbench.view.scm
2022-11-30 22:49:11.135 [info] Added views:workbench.view.search in workbench.view.search
2022-11-30 22:49:11.135 [info] Added views:timeline in workbench.view.explorer
2022-11-30 22:49:11.135 [info] Added views:workbench.explorer.fileView in workbench.view.explorer
2022-11-30 22:49:11.488 [info] Added views:workbench.debug.welcome in workbench.view.debug
2022-11-30 22:49:13.114 [info] Added views:workbench.panel.repl.view in workbench.panel.repl
2022-11-30 22:49:16.809 [info] Added views:workbench.views.extensions.installed,workbench.views.extensions.popular,extensions.recommendedList in workbench.view.extensions
2022-11-30 22:49:16.814 [info] Removed views:workbench.views.extensions.popular from workbench.view.extensions
2022-11-30 22:49:17.446 [info] Removed views:extensions.recommendedList,workbench.views.extensions.installed from workbench.view.extensions
2022-11-30 22:49:17.468 [info] Added views:workbench.views.extensions.marketplace in workbench.view.extensions
2022-11-30 22:53:56.766 [info] Added views:jupyterViewVariables in workbench.view.extension.jupyter-variables
2022-11-30 22:53:58.823 [info] Added views:workbench.view.testing in workbench.view.extension.test
2022-11-30 22:54:28.474 [info] Removed views:workbench.debug.welcome from workbench.view.debug
2022-11-30 22:54:28.484 [info] Added views:workbench.debug.variablesView,workbench.debug.watchExpressionsView,workbench.debug.callStackView,workbench.debug.breakPointsView in workbench.view.debug
2022-11-30 22:54:57.863 [info] Removed views:workbench.debug.breakPointsView,workbench.debug.callStackView,workbench.debug.watchExpressionsView,workbench.debug.variablesView from workbench.view.debug
2022-11-30 22:54:57.938 [info] Added views:workbench.debug.welcome in workbench.view.debug
2022-11-30 22:55:11.902 [info] Removed views:workbench.debug.welcome from workbench.view.debug
2022-11-30 22:55:11.912 [info] Added views:workbench.debug.variablesView,workbench.debug.watchExpressionsView,workbench.debug.callStackView,workbench.debug.breakPointsView in workbench.view.debug
2022-11-30 22:55:24.336 [info] Removed views:workbench.debug.breakPointsView,workbench.debug.callStackView,workbench.debug.watchExpressionsView,workbench.debug.variablesView from workbench.view.debug
2022-11-30 22:55:24.402 [info] Added views:workbench.debug.welcome in workbench.view.debug
2022-11-30 22:55:44.145 [info] Removed views:workbench.debug.welcome from workbench.view.debug
2022-11-30 22:55:44.155 [info] Added views:workbench.debug.variablesView,workbench.debug.watchExpressionsView,workbench.debug.callStackView,workbench.debug.breakPointsView in workbench.view.debug
2022-11-30 22:55:57.464 [info] Removed views:workbench.debug.breakPointsView,workbench.debug.callStackView,workbench.debug.watchExpressionsView,workbench.debug.variablesView from workbench.view.debug
2022-11-30 22:55:57.625 [info] Added views:workbench.debug.welcome in workbench.view.debug
2022-11-30 22:55:59.924 [info] Removed views:workbench.debug.welcome from workbench.view.debug
2022-11-30 22:55:59.934 [info] Added views:workbench.debug.variablesView,workbench.debug.watchExpressionsView,workbench.debug.callStackView,workbench.debug.breakPointsView in workbench.view.debug
2022-11-30 22:56:22.859 [info] Removed views:workbench.debug.breakPointsView,workbench.debug.callStackView,workbench.debug.watchExpressionsView,workbench.debug.variablesView from workbench.view.debug
2022-11-30 22:56:22.929 [info] Added views:workbench.debug.welcome in workbench.view.debug
2022-11-30 22:56:43.918 [info] Removed views:workbench.debug.welcome from workbench.view.debug
2022-11-30 22:56:43.930 [info] Added views:workbench.debug.variablesView,workbench.debug.watchExpressionsView,workbench.debug.callStackView,workbench.debug.breakPointsView in workbench.view.debug
2022-11-30 22:57:50.064 [info] Removed views:workbench.debug.breakPointsView,workbench.debug.callStackView,workbench.debug.watchExpressionsView,workbench.debug.variablesView from workbench.view.debug
2022-11-30 22:57:50.138 [info] Added views:workbench.debug.welcome in workbench.view.debug
2022-11-30 22:57:52.142 [info] Removed views:workbench.debug.welcome from workbench.view.debug
2022-11-30 22:57:52.153 [info] Added views:workbench.debug.variablesView,workbench.debug.watchExpressionsView,workbench.debug.callStackView,workbench.debug.breakPointsView in workbench.view.debug
2022-11-30 22:57:59.754 [info] Removed views:workbench.debug.breakPointsView,workbench.debug.callStackView,workbench.debug.watchExpressionsView,workbench.debug.variablesView from workbench.view.debug
2022-11-30 22:57:59.828 [info] Added views:workbench.debug.welcome in workbench.view.debug
2022-11-30 22:59:04.625 [info] Removed views:workbench.debug.welcome from workbench.view.debug
2022-11-30 22:59:04.637 [info] Added views:workbench.debug.variablesView,workbench.debug.watchExpressionsView,workbench.debug.callStackView,workbench.debug.breakPointsView in workbench.view.debug
2022-11-30 22:59:10.480 [info] Removed views:workbench.debug.breakPointsView,workbench.debug.callStackView,workbench.debug.watchExpressionsView,workbench.debug.variablesView from workbench.view.debug
2022-11-30 22:59:10.543 [info] Added views:workbench.debug.welcome in workbench.view.debug
2022-11-30 23:00:18.009 [info] Removed views:workbench.debug.welcome from workbench.view.debug
2022-11-30 23:00:18.022 [info] Added views:workbench.debug.variablesView,workbench.debug.watchExpressionsView,workbench.debug.callStackView,workbench.debug.breakPointsView in workbench.view.debug
2022-11-30 23:00:26.571 [info] Removed views:workbench.debug.breakPointsView,workbench.debug.callStackView,workbench.debug.watchExpressionsView,workbench.debug.variablesView from workbench.view.debug
2022-11-30 23:00:26.636 [info] Added views:workbench.debug.welcome in workbench.view.debug
2022-11-30 23:00:55.061 [info] Removed views:workbench.debug.welcome from workbench.view.debug
2022-11-30 23:00:55.077 [info] Added views:workbench.debug.variablesView,workbench.debug.watchExpressionsView,workbench.debug.callStackView,workbench.debug.breakPointsView in workbench.view.debug
2022-11-30 23:01:00.016 [info] Removed views:workbench.debug.breakPointsView,workbench.debug.callStackView,workbench.debug.watchExpressionsView,workbench.debug.variablesView from workbench.view.debug
2022-11-30 23:01:00.081 [info] Added views:workbench.debug.welcome in workbench.view.debug
2022-11-30 23:01:28.247 [info] Removed views:workbench.debug.welcome from workbench.view.debug
2022-11-30 23:01:28.258 [info] Added views:workbench.debug.variablesView,workbench.debug.watchExpressionsView,workbench.debug.callStackView,workbench.debug.breakPointsView in workbench.view.debug
2022-11-30 23:01:31.995 [info] Removed views:workbench.debug.breakPointsView,workbench.debug.callStackView,workbench.debug.watchExpressionsView,workbench.debug.variablesView from workbench.view.debug
2022-11-30 23:01:32.152 [info] Added views:workbench.debug.welcome in workbench.view.debug
2022-11-30 23:02:21.272 [info] Removed views:workbench.debug.welcome from workbench.view.debug
2022-11-30 23:02:21.291 [info] Added views:workbench.debug.variablesView,workbench.debug.watchExpressionsView,workbench.debug.callStackView,workbench.debug.breakPointsView in workbench.view.debug
2022-11-30 23:02:26.821 [info] Removed views:workbench.debug.breakPointsView,workbench.debug.callStackView,workbench.debug.watchExpressionsView,workbench.debug.variablesView from workbench.view.debug
2022-11-30 23:02:26.887 [info] Added views:workbench.debug.welcome in workbench.view.debug
2022-11-30 23:02:50.501 [info] Removed views:workbench.debug.welcome from workbench.view.debug
2022-11-30 23:02:50.515 [info] Added views:workbench.debug.variablesView,workbench.debug.watchExpressionsView,workbench.debug.callStackView,workbench.debug.breakPointsView in workbench.view.debug
2022-11-30 23:02:53.954 [info] Removed views:workbench.debug.breakPointsView,workbench.debug.callStackView,workbench.debug.watchExpressionsView,workbench.debug.variablesView from workbench.view.debug
2022-11-30 23:02:54.020 [info] Added views:workbench.debug.welcome in workbench.view.debug
2022-11-30 23:05:00.822 [info] Removed views:workbench.debug.welcome from workbench.view.debug
2022-11-30 23:05:00.837 [info] Added views:workbench.debug.variablesView,workbench.debug.watchExpressionsView,workbench.debug.callStackView,workbench.debug.breakPointsView in workbench.view.debug
2022-11-30 23:05:04.274 [info] Removed views:workbench.debug.breakPointsView,workbench.debug.callStackView,workbench.debug.watchExpressionsView,workbench.debug.variablesView from workbench.view.debug
2022-11-30 23:05:04.347 [info] Added views:workbench.debug.welcome in workbench.view.debug
2022-11-30 23:05:30.126 [info] Removed views:workbench.debug.welcome from workbench.view.debug
2022-11-30 23:05:30.141 [info] Added views:workbench.debug.variablesView,workbench.debug.watchExpressionsView,workbench.debug.callStackView,workbench.debug.breakPointsView in workbench.view.debug
2022-11-30 23:07:11.308 [info] Removed views:workbench.debug.breakPointsView,workbench.debug.callStackView,workbench.debug.watchExpressionsView,workbench.debug.variablesView from workbench.view.debug
2022-11-30 23:07:11.396 [info] Added views:workbench.debug.welcome in workbench.view.debug
2022-11-30 23:07:23.060 [info] Removed views:workbench.debug.welcome from workbench.view.debug
2022-11-30 23:07:23.075 [info] Added views:workbench.debug.variablesView,workbench.debug.watchExpressionsView,workbench.debug.callStackView,workbench.debug.breakPointsView in workbench.view.debug
2022-11-30 23:07:28.993 [info] Removed views:workbench.debug.breakPointsView,workbench.debug.callStackView,workbench.debug.watchExpressionsView,workbench.debug.variablesView from workbench.view.debug
2022-11-30 23:07:29.079 [info] Added views:workbench.debug.welcome in workbench.view.debug
2022-11-30 23:09:16.509 [info] Removed views:workbench.debug.welcome from workbench.view.debug
2022-11-30 23:09:16.529 [info] Added views:workbench.debug.variablesView,workbench.debug.watchExpressionsView,workbench.debug.callStackView,workbench.debug.breakPointsView in workbench.view.debug
2022-11-30 23:09:35.954 [info] Removed views:workbench.debug.breakPointsView,workbench.debug.callStackView,workbench.debug.watchExpressionsView,workbench.debug.variablesView from workbench.view.debug
2022-11-30 23:09:35.968 [info] Added views:workbench.debug.welcome in workbench.view.debug
2022-11-30 23:09:48.267 [info] Removed views:workbench.debug.welcome from workbench.view.debug
2022-11-30 23:09:48.282 [info] Added views:workbench.debug.variablesView,workbench.debug.watchExpressionsView,workbench.debug.callStackView,workbench.debug.breakPointsView in workbench.view.debug
2022-11-30 23:09:52.396 [info] Removed views:workbench.debug.breakPointsView,workbench.debug.callStackView,workbench.debug.watchExpressionsView,workbench.debug.variablesView from workbench.view.debug
2022-11-30 23:09:52.558 [info] Added views:workbench.debug.welcome in workbench.view.debug
2022-11-30 23:13:27.781 [info] Removed views:workbench.debug.welcome from workbench.view.debug
2022-11-30 23:13:27.798 [info] Added views:workbench.debug.variablesView,workbench.debug.watchExpressionsView,workbench.debug.callStackView,workbench.debug.breakPointsView in workbench.view.debug
2022-11-30 23:13:32.182 [info] Removed views:workbench.debug.breakPointsView,workbench.debug.callStackView,workbench.debug.watchExpressionsView,workbench.debug.variablesView from workbench.view.debug
2022-11-30 23:13:32.260 [info] Added views:workbench.debug.welcome in workbench.view.debug
2022-11-30 23:14:39.553 [info] Removed views:workbench.debug.welcome from workbench.view.debug
2022-11-30 23:14:39.569 [info] Added views:workbench.debug.variablesView,workbench.debug.watchExpressionsView,workbench.debug.callStackView,workbench.debug.breakPointsView in workbench.view.debug
2022-11-30 23:15:06.490 [info] Removed views:workbench.debug.breakPointsView,workbench.debug.callStackView,workbench.debug.watchExpressionsView,workbench.debug.variablesView from workbench.view.debug
2022-11-30 23:15:06.586 [info] Added views:workbench.debug.welcome in workbench.view.debug
2022-11-30 23:15:08.866 [info] Removed views:workbench.debug.welcome from workbench.view.debug
2022-11-30 23:15:08.882 [info] Added views:workbench.debug.variablesView,workbench.debug.watchExpressionsView,workbench.debug.callStackView,workbench.debug.breakPointsView in workbench.view.debug
2022-11-30 23:15:19.311 [info] Removed views:workbench.debug.breakPointsView,workbench.debug.callStackView,workbench.debug.watchExpressionsView,workbench.debug.variablesView from workbench.view.debug
2022-11-30 23:15:19.394 [info] Added views:workbench.debug.welcome in workbench.view.debug
2022-11-30 23:15:33.960 [info] Removed views:workbench.debug.welcome from workbench.view.debug
2022-11-30 23:15:33.977 [info] Added views:workbench.debug.variablesView,workbench.debug.watchExpressionsView,workbench.debug.callStackView,workbench.debug.breakPointsView in workbench.view.debug
2022-11-30 23:15:39.852 [info] Removed views:workbench.debug.breakPointsView,workbench.debug.callStackView,workbench.debug.watchExpressionsView,workbench.debug.variablesView from workbench.view.debug
2022-11-30 23:15:40.018 [info] Added views:workbench.debug.welcome in workbench.view.debug
2022-11-30 23:16:43.653 [info] Removed views:workbench.debug.welcome from workbench.view.debug
2022-11-30 23:16:43.676 [info] Added views:workbench.debug.variablesView,workbench.debug.watchExpressionsView,workbench.debug.callStackView,workbench.debug.breakPointsView in workbench.view.debug
2022-11-30 23:16:53.786 [info] Removed views:workbench.debug.breakPointsView,workbench.debug.callStackView,workbench.debug.watchExpressionsView,workbench.debug.variablesView from workbench.view.debug
2022-11-30 23:16:53.877 [info] Added views:workbench.debug.welcome in workbench.view.debug
2022-11-30 23:17:00.941 [info] Removed views:workbench.debug.welcome from workbench.view.debug
2022-11-30 23:17:00.953 [info] Added views:workbench.debug.variablesView,workbench.debug.watchExpressionsView,workbench.debug.callStackView,workbench.debug.breakPointsView in workbench.view.debug
2022-11-30 23:17:06.866 [info] Removed views:workbench.debug.breakPointsView,workbench.debug.callStackView,workbench.debug.watchExpressionsView,workbench.debug.variablesView from workbench.view.debug
2022-11-30 23:17:06.878 [info] Added views:workbench.debug.welcome in workbench.view.debug
2022-11-30 23:17:47.744 [info] Removed views:workbench.debug.welcome from workbench.view.debug
2022-11-30 23:17:47.766 [info] Added views:workbench.debug.variablesView,workbench.debug.watchExpressionsView,workbench.debug.callStackView,workbench.debug.breakPointsView in workbench.view.debug
2022-11-30 23:17:54.880 [info] Removed views:workbench.debug.breakPointsView,workbench.debug.callStackView,workbench.debug.watchExpressionsView,workbench.debug.variablesView from workbench.view.debug
2022-11-30 23:17:55.054 [info] Added views:workbench.debug.welcome in workbench.view.debug
2022-11-30 23:18:57.656 [info] Removed views:workbench.debug.welcome from workbench.view.debug
2022-11-30 23:18:57.678 [info] Added views:workbench.debug.variablesView,workbench.debug.watchExpressionsView,workbench.debug.callStackView,workbench.debug.breakPointsView in workbench.view.debug
2022-11-30 23:19:03.891 [info] Removed views:workbench.debug.breakPointsView,workbench.debug.callStackView,workbench.debug.watchExpressionsView,workbench.debug.variablesView from workbench.view.debug
2022-11-30 23:19:04.070 [info] Added views:workbench.debug.welcome in workbench.view.debug
2022-11-30 23:21:09.385 [info] Removed views:workbench.debug.welcome from workbench.view.debug
2022-11-30 23:21:09.408 [info] Added views:workbench.debug.variablesView,workbench.debug.watchExpressionsView,workbench.debug.callStackView,workbench.debug.breakPointsView in workbench.view.debug
2022-11-30 23:22:01.596 [info] Removed views:workbench.debug.breakPointsView,workbench.debug.callStackView,workbench.debug.watchExpressionsView,workbench.debug.variablesView from workbench.view.debug
2022-11-30 23:22:01.722 [info] Added views:workbench.debug.welcome in workbench.view.debug
2022-11-30 23:23:05.391 [info] Removed views:workbench.debug.welcome from workbench.view.debug
2022-11-30 23:23:05.424 [info] Added views:workbench.debug.variablesView,workbench.debug.watchExpressionsView,workbench.debug.callStackView,workbench.debug.breakPointsView in workbench.view.debug
2022-11-30 23:23:13.472 [info] Removed views:workbench.debug.breakPointsView,workbench.debug.callStackView,workbench.debug.watchExpressionsView,workbench.debug.variablesView from workbench.view.debug
2022-11-30 23:23:13.574 [info] Added views:workbench.debug.welcome in workbench.view.debug
2022-11-30 23:25:53.095 [info] Removed views:workbench.debug.welcome from workbench.view.debug
2022-11-30 23:25:53.120 [info] Added views:workbench.debug.variablesView,workbench.debug.watchExpressionsView,workbench.debug.callStackView,workbench.debug.breakPointsView in workbench.view.debug
2022-11-30 23:26:07.746 [info] Removed views:workbench.debug.breakPointsView,workbench.debug.callStackView,workbench.debug.watchExpressionsView,workbench.debug.variablesView from workbench.view.debug
2022-11-30 23:26:07.836 [info] Added views:workbench.debug.welcome in workbench.view.debug
2022-11-30 23:26:41.957 [info] Removed views:workbench.debug.welcome from workbench.view.debug
2022-11-30 23:26:41.980 [info] Added views:workbench.debug.variablesView,workbench.debug.watchExpressionsView,workbench.debug.callStackView,workbench.debug.breakPointsView in workbench.view.debug
2022-11-30 23:26:51.037 [info] Removed views:workbench.debug.breakPointsView,workbench.debug.callStackView,workbench.debug.watchExpressionsView,workbench.debug.variablesView from workbench.view.debug
2022-11-30 23:26:51.164 [info] Added views:workbench.debug.welcome in workbench.view.debug
2022-11-30 23:27:03.768 [info] Removed views:workbench.debug.welcome from workbench.view.debug
2022-11-30 23:27:03.794 [info] Added views:workbench.debug.variablesView,workbench.debug.watchExpressionsView,workbench.debug.callStackView,workbench.debug.breakPointsView in workbench.view.debug
2022-11-30 23:27:15.833 [info] Removed views:workbench.debug.breakPointsView,workbench.debug.callStackView,workbench.debug.watchExpressionsView,workbench.debug.variablesView from workbench.view.debug
2022-11-30 23:27:15.947 [info] Added views:workbench.debug.welcome in workbench.view.debug
