2022-11-30 22:32:54.462 [info] Added views:workbench.panel.markers.view in workbench.panel.markers
2022-11-30 22:32:54.462 [info] Added views:workbench.panel.output in workbench.panel.output
2022-11-30 22:32:54.462 [info] Added views:terminal in terminal
2022-11-30 22:32:54.462 [info] Added views:outline in workbench.view.explorer
2022-11-30 22:32:54.462 [info] Added views:workbench.scm in workbench.view.scm
2022-11-30 22:32:54.462 [info] Added views:workbench.view.search in workbench.view.search
2022-11-30 22:32:54.462 [info] Added views:timeline in workbench.view.explorer
2022-11-30 22:32:54.462 [info] Added views:workbench.explorer.emptyView in workbench.view.explorer
2022-11-30 22:32:54.787 [info] Added views:workbench.debug.welcome in workbench.view.debug
2022-11-30 22:32:56.196 [info] Added views:workbench.panel.repl.view in workbench.panel.repl
2022-11-30 22:34:54.920 [info] Added views:workbench.panel.markers.view in workbench.panel.markers
2022-11-30 22:34:54.920 [info] Added views:workbench.panel.output in workbench.panel.output
2022-11-30 22:34:54.920 [info] Added views:terminal in terminal
2022-11-30 22:34:54.920 [info] Added views:outline in workbench.view.explorer
2022-11-30 22:34:54.920 [info] Added views:workbench.scm in workbench.view.scm
2022-11-30 22:34:54.921 [info] Added views:workbench.view.search in workbench.view.search
2022-11-30 22:34:54.921 [info] Added views:timeline in workbench.view.explorer
2022-11-30 22:34:54.921 [info] Added views:workbench.explorer.fileView in workbench.view.explorer
2022-11-30 22:34:55.501 [info] Added views:workbench.debug.welcome in workbench.view.debug
2022-11-30 22:34:56.361 [info] Added views:workbench.panel.repl.view in workbench.panel.repl
2022-11-30 22:46:59.218 [info] Added views:workbench.panel.markers.view in workbench.panel.markers
2022-11-30 22:46:59.218 [info] Added views:workbench.panel.output in workbench.panel.output
2022-11-30 22:46:59.218 [info] Added views:terminal in terminal
2022-11-30 22:46:59.218 [info] Added views:outline in workbench.view.explorer
2022-11-30 22:46:59.218 [info] Added views:workbench.scm in workbench.view.scm
2022-11-30 22:46:59.218 [info] Added views:workbench.view.search in workbench.view.search
2022-11-30 22:46:59.218 [info] Added views:timeline in workbench.view.explorer
2022-11-30 22:46:59.218 [info] Added views:workbench.explorer.fileView in workbench.view.explorer
2022-11-30 22:46:59.218 [info] Added views:workbench.debug.variablesView,workbench.debug.watchExpressionsView,workbench.debug.callStackView,workbench.debug.breakPointsView in workbench.view.debug
2022-11-30 22:47:00.680 [info] Added views:workbench.panel.repl.view in workbench.panel.repl
2022-11-30 22:47:00.686 [info] Removed views:workbench.debug.breakPointsView,workbench.debug.callStackView,workbench.debug.watchExpressionsView,workbench.debug.variablesView from workbench.view.debug
2022-11-30 22:47:00.689 [info] Added views:workbench.debug.welcome in workbench.view.debug
2022-11-30 22:47:43.518 [info] Added views:workbench.views.extensions.installed,workbench.views.extensions.popular,extensions.recommendedList in workbench.view.extensions
2022-11-30 22:47:43.524 [info] Removed views:workbench.views.extensions.popular from workbench.view.extensions
2022-11-30 22:47:44.022 [info] Added views:workbench.views.extensions.popular in workbench.view.extensions
2022-11-30 22:47:44.190 [info] Removed views:extensions.recommendedList,workbench.views.extensions.popular,workbench.views.extensions.installed from workbench.view.extensions
2022-11-30 22:47:44.222 [info] Added views:workbench.views.extensions.marketplace in workbench.view.extensions
