2022-11-30 22:32:55.934 [info] Extension host with pid 2239 started
2022-11-30 22:32:56.215 [info] ExtensionService#_doActivateExtension vscode.git-base, startup: true, activationEvent: '*'
2022-11-30 22:32:56.291 [info] ExtensionService#_doActivateExtension vscode.github, startup: true, activationEvent: '*'
2022-11-30 22:32:56.303 [info] Eager extensions activated
2022-11-30 22:32:56.306 [info] ExtensionService#_doActivateExtension vscode.debug-auto-launch, startup: false, activationEvent: 'onStartupFinished'
2022-11-30 22:32:56.307 [info] ExtensionService#_doActivateExtension vscode.emmet, startup: false, activationEvent: 'onStartupFinished'
2022-11-30 22:32:56.307 [info] ExtensionService#_doActivateExtension vscode.merge-conflict, startup: false, activationEvent: 'onStartupFinished'
2022-11-30 22:34:52.460 [info] Extension host terminating: received terminate message from renderer
2022-11-30 22:34:52.464 [info] Extension host with pid 2239 exiting with code 0
2022-11-30 22:34:56.185 [info] Extension host with pid 2947 started
2022-11-30 22:34:56.185 [info] Skipping acquiring lock for /home/odin/.config/Code - OSS/User/workspaceStorage/20c1f12d01bbe48f6d4e67f5ead53fa2.
2022-11-30 22:34:56.427 [info] ExtensionService#_doActivateExtension vscode.git-base, startup: true, activationEvent: '*', root cause: vscode.git
2022-11-30 22:34:56.885 [info] ExtensionService#_doActivateExtension vscode.git, startup: true, activationEvent: '*'
2022-11-30 22:34:56.885 [info] ExtensionService#_doActivateExtension vscode.github, startup: true, activationEvent: '*'
2022-11-30 22:34:57.206 [info] Eager extensions activated
2022-11-30 22:34:57.286 [info] ExtensionService#_doActivateExtension vscode.debug-auto-launch, startup: false, activationEvent: 'onStartupFinished'
2022-11-30 22:34:57.287 [info] ExtensionService#_doActivateExtension vscode.emmet, startup: false, activationEvent: 'onStartupFinished'
2022-11-30 22:34:57.287 [info] ExtensionService#_doActivateExtension vscode.merge-conflict, startup: false, activationEvent: 'onStartupFinished'
2022-11-30 22:46:56.702 [info] Extension host terminating: received terminate message from renderer
2022-11-30 22:46:56.712 [info] Extension host with pid 2947 exiting with code 0
2022-11-30 22:47:00.555 [info] Extension host with pid 10745 started
2022-11-30 22:47:00.555 [info] Skipping acquiring lock for /home/odin/.config/Code - OSS/User/workspaceStorage/291cc628c1d8c298eeee7c210eb8dc88.
2022-11-30 22:47:00.707 [info] ExtensionService#_doActivateExtension vscode.git-base, startup: true, activationEvent: '*', root cause: vscode.git
2022-11-30 22:47:00.727 [info] ExtensionService#_doActivateExtension vscode.git, startup: true, activationEvent: '*'
2022-11-30 22:47:00.728 [info] ExtensionService#_doActivateExtension vscode.github, startup: true, activationEvent: '*'
2022-11-30 22:47:00.864 [info] Eager extensions activated
2022-11-30 22:47:00.887 [info] ExtensionService#_doActivateExtension vscode.debug-auto-launch, startup: false, activationEvent: 'onStartupFinished'
2022-11-30 22:47:00.887 [info] ExtensionService#_doActivateExtension vscode.emmet, startup: false, activationEvent: 'onStartupFinished'
2022-11-30 22:47:00.888 [info] ExtensionService#_doActivateExtension vscode.merge-conflict, startup: false, activationEvent: 'onStartupFinished'
2022-11-30 22:47:07.696 [info] ExtensionService#_doActivateExtension vscode.extension-editing, startup: false, activationEvent: 'onLanguage:markdown'
2022-11-30 22:47:07.697 [info] ExtensionService#_doActivateExtension vscode.markdown-language-features, startup: false, activationEvent: 'onLanguage:markdown'
2022-11-30 22:47:43.684 [info] ExtensionService#_doActivateExtension vscode.debug-server-ready, startup: false, activationEvent: 'onDebugResolve'
2022-11-30 22:48:49.401 [info] ExtensionService#_doActivateExtension vscode.markdown-math, startup: false, activationEvent: 'api', root cause: vscode.markdown-language-features
2022-11-30 22:48:49.526 [info] ExtensionService#_doActivateExtension tht13.python, startup: false, activationEvent: 'onLanguage:python'
2022-11-30 22:48:49.602 [error] Activating extension tht13.python failed due to an error:
2022-11-30 22:48:49.602 [error] TypeError: Cannot read properties of undefined (reading 'document')
	at PythonExtension.startServer (/home/odin/.vscode-oss/extensions/tht13.python-0.2.2-universal/out/client/src/pythonMain.js:146:55)
	at activate (/home/odin/.vscode-oss/extensions/tht13.python-0.2.2-universal/out/client/src/pythonMain.js:9:38)
	at On._callActivateOptional (/usr/lib/code/out/vs/workbench/api/node/extensionHostProcess.js:104:17678)
	at On._callActivate (/usr/lib/code/out/vs/workbench/api/node/extensionHostProcess.js:104:17338)
	at /usr/lib/code/out/vs/workbench/api/node/extensionHostProcess.js:104:15133
	at process.processTicksAndRejections (node:internal/process/task_queues:96:5)
	at async w._activate (/usr/lib/code/out/vs/workbench/api/node/extensionHostProcess.js:90:8304)
	at async w._waitForDepsThenActivate (/usr/lib/code/out/vs/workbench/api/node/extensionHostProcess.js:90:8246)
	at async w._initialize (/usr/lib/code/out/vs/workbench/api/node/extensionHostProcess.js:90:7610)
2022-11-30 22:49:06.535 [info] Extension host terminating: received terminate message from renderer
2022-11-30 22:49:06.557 [info] Extension host with pid 10745 exiting with code 0
